TN:
SF:src/renderer/src/App.tsx
FN:49,App
FN:90,(anonymous_1)
FN:93,(anonymous_2)
FN:95,(anonymous_3)
FN:96,(anonymous_4)
FN:99,(anonymous_5)
FN:103,(anonymous_6)
FN:106,(anonymous_7)
FN:107,(anonymous_8)
FN:110,(anonymous_9)
FN:111,(anonymous_10)
FN:111,(anonymous_11)
FN:114,(anonymous_12)
FN:115,(anonymous_13)
FN:116,(anonymous_14)
FN:123,(anonymous_15)
FN:124,(anonymous_16)
FN:126,(anonymous_17)
FN:137,(anonymous_18)
FN:142,(anonymous_19)
FN:144,(anonymous_20)
FN:151,(anonymous_21)
FN:152,(anonymous_22)
FN:154,(anonymous_23)
FN:166,(anonymous_24)
FN:171,(anonymous_25)
FN:174,(anonymous_26)
FN:181,(anonymous_27)
FN:183,(anonymous_28)
FN:190,(anonymous_29)
FN:195,(anonymous_30)
FN:196,(anonymous_31)
FN:197,(anonymous_32)
FN:200,(anonymous_33)
FN:201,(anonymous_34)
FN:205,(anonymous_35)
FN:227,(anonymous_36)
FN:232,(anonymous_37)
FN:234,(anonymous_38)
FN:240,(anonymous_39)
FN:241,(anonymous_40)
FN:243,(anonymous_41)
FN:245,(anonymous_42)
FN:250,(anonymous_43)
FN:251,(anonymous_44)
FN:254,(anonymous_45)
FN:255,(anonymous_46)
FN:257,(anonymous_47)
FN:263,(anonymous_48)
FN:268,(anonymous_49)
FN:273,(anonymous_50)
FN:274,(anonymous_51)
FN:282,(anonymous_52)
FN:309,(anonymous_53)
FN:311,(anonymous_54)
FN:343,(anonymous_55)
FN:344,(anonymous_56)
FN:345,(anonymous_57)
FN:369,(anonymous_58)
FN:379,(anonymous_59)
FN:402,(anonymous_60)
FN:403,(anonymous_61)
FN:460,(anonymous_62)
FN:465,(anonymous_63)
FN:472,(anonymous_64)
FN:479,(anonymous_65)
FN:488,(anonymous_66)
FN:488,(anonymous_67)
FN:494,(anonymous_68)
FN:495,(anonymous_69)
FN:496,(anonymous_70)
FN:503,(anonymous_71)
FNF:72
FNH:0
FNDA:0,App
FNDA:0,(anonymous_1)
FNDA:0,(anonymous_2)
FNDA:0,(anonymous_3)
FNDA:0,(anonymous_4)
FNDA:0,(anonymous_5)
FNDA:0,(anonymous_6)
FNDA:0,(anonymous_7)
FNDA:0,(anonymous_8)
FNDA:0,(anonymous_9)
FNDA:0,(anonymous_10)
FNDA:0,(anonymous_11)
FNDA:0,(anonymous_12)
FNDA:0,(anonymous_13)
FNDA:0,(anonymous_14)
FNDA:0,(anonymous_15)
FNDA:0,(anonymous_16)
FNDA:0,(anonymous_17)
FNDA:0,(anonymous_18)
FNDA:0,(anonymous_19)
FNDA:0,(anonymous_20)
FNDA:0,(anonymous_21)
FNDA:0,(anonymous_22)
FNDA:0,(anonymous_23)
FNDA:0,(anonymous_24)
FNDA:0,(anonymous_25)
FNDA:0,(anonymous_26)
FNDA:0,(anonymous_27)
FNDA:0,(anonymous_28)
FNDA:0,(anonymous_29)
FNDA:0,(anonymous_30)
FNDA:0,(anonymous_31)
FNDA:0,(anonymous_32)
FNDA:0,(anonymous_33)
FNDA:0,(anonymous_34)
FNDA:0,(anonymous_35)
FNDA:0,(anonymous_36)
FNDA:0,(anonymous_37)
FNDA:0,(anonymous_38)
FNDA:0,(anonymous_39)
FNDA:0,(anonymous_40)
FNDA:0,(anonymous_41)
FNDA:0,(anonymous_42)
FNDA:0,(anonymous_43)
FNDA:0,(anonymous_44)
FNDA:0,(anonymous_45)
FNDA:0,(anonymous_46)
FNDA:0,(anonymous_47)
FNDA:0,(anonymous_48)
FNDA:0,(anonymous_49)
FNDA:0,(anonymous_50)
FNDA:0,(anonymous_51)
FNDA:0,(anonymous_52)
FNDA:0,(anonymous_53)
FNDA:0,(anonymous_54)
FNDA:0,(anonymous_55)
FNDA:0,(anonymous_56)
FNDA:0,(anonymous_57)
FNDA:0,(anonymous_58)
FNDA:0,(anonymous_59)
FNDA:0,(anonymous_60)
FNDA:0,(anonymous_61)
FNDA:0,(anonymous_62)
FNDA:0,(anonymous_63)
FNDA:0,(anonymous_64)
FNDA:0,(anonymous_65)
FNDA:0,(anonymous_66)
FNDA:0,(anonymous_67)
FNDA:0,(anonymous_68)
FNDA:0,(anonymous_69)
FNDA:0,(anonymous_70)
FNDA:0,(anonymous_71)
DA:77,0
DA:79,0
DA:80,0
DA:81,0
DA:82,0
DA:83,0
DA:84,0
DA:85,0
DA:86,0
DA:93,0
DA:95,0
DA:96,0
DA:97,0
DA:98,0
DA:99,0
DA:102,0
DA:103,0
DA:106,0
DA:107,0
DA:110,0
DA:111,0
DA:114,0
DA:115,0
DA:116,0
DA:117,0
DA:118,0
DA:119,0
DA:123,0
DA:124,0
DA:126,0
DA:127,0
DA:128,0
DA:129,0
DA:131,0
DA:132,0
DA:134,0
DA:137,0
DA:138,0
DA:143,0
DA:144,0
DA:145,0
DA:151,0
DA:152,0
DA:154,0
DA:155,0
DA:156,0
DA:157,0
DA:158,0
DA:160,0
DA:161,0
DA:163,0
DA:166,0
DA:167,0
DA:172,0
DA:173,0
DA:174,0
DA:175,0
DA:181,0
DA:183,0
DA:184,0
DA:185,0
DA:186,0
DA:187,0
DA:190,0
DA:191,0
DA:192,0
DA:193,0
DA:195,0
DA:196,0
DA:197,0
DA:198,0
DA:200,0
DA:201,0
DA:202,0
DA:205,0
DA:215,0
DA:216,0
DA:217,0
DA:218,0
DA:219,0
DA:220,0
DA:221,0
DA:222,0
DA:224,0
DA:227,0
DA:228,0
DA:233,0
DA:234,0
DA:235,0
DA:240,0
DA:241,0
DA:242,0
DA:243,0
DA:244,0
DA:245,0
DA:246,0
DA:247,0
DA:250,0
DA:251,0
DA:252,0
DA:253,0
DA:254,0
DA:255,0
DA:256,0
DA:257,0
DA:258,0
DA:259,0
DA:263,0
DA:264,0
DA:265,0
DA:268,0
DA:269,0
DA:274,0
DA:275,0
DA:276,0
DA:277,0
DA:282,0
DA:283,0
DA:284,0
DA:285,0
DA:286,0
DA:288,0
DA:292,0
DA:293,0
DA:300,0
DA:309,0
DA:311,0
DA:344,0
DA:345,0
DA:369,0
DA:379,0
DA:403,0
DA:404,0
DA:460,0
DA:465,0
DA:472,0
DA:479,0
DA:488,0
DA:494,0
DA:495,0
DA:496,0
DA:503,0
LF:142
LH:0
BRDA:97,0,0,0
BRDA:97,0,1,0
BRDA:97,1,0,0
BRDA:97,1,1,0
BRDA:97,1,2,0
BRDA:106,2,0,0
BRDA:114,3,0,0
BRDA:114,3,1,0
BRDA:117,4,0,0
BRDA:117,4,1,0
BRDA:118,5,0,0
BRDA:118,5,1,0
BRDA:127,6,0,0
BRDA:127,6,1,0
BRDA:155,7,0,0
BRDA:155,7,1,0
BRDA:156,8,0,0
BRDA:156,8,1,0
BRDA:172,9,0,0
BRDA:172,9,1,0
BRDA:216,10,0,0
BRDA:216,10,1,0
BRDA:217,11,0,0
BRDA:217,11,1,0
BRDA:219,12,0,0
BRDA:219,12,1,0
BRDA:220,13,0,0
BRDA:220,13,1,0
BRDA:221,14,0,0
BRDA:221,14,1,0
BRDA:242,15,0,0
BRDA:242,15,1,0
BRDA:244,16,0,0
BRDA:244,16,1,0
BRDA:252,17,0,0
BRDA:252,17,1,0
BRDA:256,18,0,0
BRDA:256,18,1,0
BRDA:265,19,0,0
BRDA:265,19,1,0
BRDA:276,20,0,0
BRDA:276,20,1,0
BRDA:283,21,0,0
BRDA:283,21,1,0
BRDA:285,22,0,0
BRDA:285,22,1,0
BRDA:286,23,0,0
BRDA:286,23,1,0
BRDA:286,24,0,0
BRDA:286,24,1,0
BRDA:292,25,0,0
BRDA:292,25,1,0
BRDA:309,26,0,0
BRDA:309,26,1,0
BRDA:309,27,0,0
BRDA:309,27,1,0
BRDA:321,28,0,0
BRDA:321,28,1,0
BRDA:323,29,0,0
BRDA:323,29,1,0
BRDA:329,30,0,0
BRDA:329,30,1,0
BRDA:331,31,0,0
BRDA:331,31,1,0
BRDA:333,32,0,0
BRDA:333,32,1,0
BRDA:335,33,0,0
BRDA:335,33,1,0
BRDA:345,34,0,0
BRDA:345,34,1,0
BRDA:359,35,0,0
BRDA:359,35,1,0
BRDA:364,36,0,0
BRDA:364,36,1,0
BRDA:371,37,0,0
BRDA:371,37,1,0
BRDA:381,38,0,0
BRDA:381,38,1,0
BRDA:390,39,0,0
BRDA:390,39,1,0
BRDA:404,40,0,0
BRDA:404,40,1,0
BRDA:412,41,0,0
BRDA:412,41,1,0
BRDA:460,42,0,0
BRDA:460,42,1,0
BRDA:494,43,0,0
BRDA:494,43,1,0
BRDA:494,44,0,0
BRDA:494,44,1,0
BRF:90
BRH:0
end_of_record
TN:
SF:src/renderer/src/env.d.ts
FNF:0
FNH:0
LF:0
LH:0
BRF:0
BRH:0
end_of_record
TN:
SF:src/renderer/src/components/Board.tsx
FN:36,Board
FN:48,(anonymous_1)
FN:49,(anonymous_2)
FN:59,(anonymous_3)
FN:60,(anonymous_4)
FN:62,(anonymous_5)
FN:64,(anonymous_6)
FN:67,(anonymous_7)
FN:69,(anonymous_8)
FN:73,(anonymous_9)
FN:78,(anonymous_10)
FN:81,(anonymous_11)
FN:84,(anonymous_12)
FN:85,(anonymous_13)
FN:86,(anonymous_14)
FN:90,(anonymous_15)
FN:93,(anonymous_16)
FN:99,(anonymous_17)
FN:106,(anonymous_18)
FN:107,(anonymous_19)
FN:110,(anonymous_20)
FN:114,(anonymous_21)
FN:117,(anonymous_22)
FN:120,(anonymous_23)
FN:121,(anonymous_24)
FN:122,(anonymous_25)
FN:138,(anonymous_26)
FN:139,(anonymous_27)
FN:143,(anonymous_28)
FN:171,(anonymous_29)
FN:171,(anonymous_30)
FN:171,(anonymous_31)
FN:179,(anonymous_32)
FNF:33
FNH:0
FNDA:0,Board
FNDA:0,(anonymous_1)
FNDA:0,(anonymous_2)
FNDA:0,(anonymous_3)
FNDA:0,(anonymous_4)
FNDA:0,(anonymous_5)
FNDA:0,(anonymous_6)
FNDA:0,(anonymous_7)
FNDA:0,(anonymous_8)
FNDA:0,(anonymous_9)
FNDA:0,(anonymous_10)
FNDA:0,(anonymous_11)
FNDA:0,(anonymous_12)
FNDA:0,(anonymous_13)
FNDA:0,(anonymous_14)
FNDA:0,(anonymous_15)
FNDA:0,(anonymous_16)
FNDA:0,(anonymous_17)
FNDA:0,(anonymous_18)
FNDA:0,(anonymous_19)
FNDA:0,(anonymous_20)
FNDA:0,(anonymous_21)
FNDA:0,(anonymous_22)
FNDA:0,(anonymous_23)
FNDA:0,(anonymous_24)
FNDA:0,(anonymous_25)
FNDA:0,(anonymous_26)
FNDA:0,(anonymous_27)
FNDA:0,(anonymous_28)
FNDA:0,(anonymous_29)
FNDA:0,(anonymous_30)
FNDA:0,(anonymous_31)
FNDA:0,(anonymous_32)
DA:48,0
DA:49,0
DA:51,0
DA:52,0
DA:54,0
DA:58,0
DA:59,0
DA:60,0
DA:62,0
DA:64,0
DA:65,0
DA:66,0
DA:67,0
DA:69,0
DA:73,0
DA:74,0
DA:75,0
DA:76,0
DA:78,0
DA:79,0
DA:81,0
DA:82,0
DA:83,0
DA:84,0
DA:85,0
DA:86,0
DA:87,0
DA:90,0
DA:91,0
DA:92,0
DA:93,0
DA:95,0
DA:99,0
DA:100,0
DA:101,0
DA:102,0
DA:103,0
DA:105,0
DA:106,0
DA:107,0
DA:108,0
DA:109,0
DA:110,0
DA:111,0
DA:114,0
DA:115,0
DA:117,0
DA:118,0
DA:119,0
DA:120,0
DA:121,0
DA:122,0
DA:123,0
DA:124,0
DA:129,0
DA:138,0
DA:140,0
DA:143,0
DA:179,0
LF:59
LH:0
BRDA:66,0,0,0
BRDA:66,0,1,0
BRDA:67,1,0,0
BRDA:67,1,1,0
BRDA:69,2,0,0
BRDA:69,2,1,0
BRDA:75,3,0,0
BRDA:75,3,1,0
BRDA:75,4,0,0
BRDA:75,4,1,0
BRDA:76,5,0,0
BRDA:76,5,1,0
BRDA:79,6,0,0
BRDA:79,6,1,0
BRDA:82,7,0,0
BRDA:82,7,1,0
BRDA:82,8,0,0
BRDA:82,8,1,0
BRDA:84,9,0,0
BRDA:84,9,1,0
BRDA:87,10,0,0
BRDA:87,10,1,0
BRDA:91,11,0,0
BRDA:91,11,1,0
BRDA:91,12,0,0
BRDA:91,12,1,0
BRDA:93,13,0,0
BRDA:93,13,1,0
BRDA:103,14,0,0
BRDA:103,14,1,0
BRDA:103,15,0,0
BRDA:103,15,1,0
BRDA:105,16,0,0
BRDA:105,16,1,0
BRDA:108,17,0,0
BRDA:108,17,1,0
BRDA:108,18,0,0
BRDA:108,18,1,0
BRDA:115,19,0,0
BRDA:115,19,1,0
BRDA:118,20,0,0
BRDA:118,20,1,0
BRDA:118,21,0,0
BRDA:118,21,1,0
BRDA:120,22,0,0
BRDA:120,22,1,0
BRDA:123,23,0,0
BRDA:123,23,1,0
BRDA:170,24,0,0
BRDA:170,24,1,0
BRDA:173,25,0,0
BRDA:173,25,1,0
BRDA:176,26,0,0
BRDA:176,26,1,0
BRF:54
BRH:0
end_of_record
TN:
SF:src/renderer/src/components/CanvasView.tsx
FN:10,(anonymous_0)
FN:18,borderPoint
FN:34,CanvasView
FN:35,(anonymous_3)
FN:36,(anonymous_4)
FN:36,(anonymous_5)
FN:37,(anonymous_6)
FN:38,(anonymous_7)
FN:39,(anonymous_8)
FN:40,(anonymous_9)
FN:41,(anonymous_10)
FN:43,(anonymous_11)
FN:43,(anonymous_12)
FN:65,(anonymous_13)
FN:66,(anonymous_14)
FN:69,(anonymous_15)
FN:72,(anonymous_16)
FN:81,(anonymous_17)
FN:88,(anonymous_18)
FN:92,(anonymous_19)
FN:93,(anonymous_20)
FN:100,(anonymous_21)
FN:107,(anonymous_22)
FN:114,(anonymous_23)
FN:115,(anonymous_24)
FN:117,(anonymous_25)
FN:118,(anonymous_26)
FN:126,(anonymous_27)
FN:133,(anonymous_28)
FN:135,(anonymous_29)
FN:144,(anonymous_30)
FN:156,(anonymous_31)
FN:163,(anonymous_32)
FN:167,(anonymous_33)
FN:178,(anonymous_34)
FN:186,(anonymous_35)
FN:186,(anonymous_36)
FN:187,(anonymous_37)
FN:187,(anonymous_38)
FN:188,(anonymous_39)
FN:232,(anonymous_40)
FN:233,(anonymous_41)
FN:262,(anonymous_42)
FN:272,(anonymous_43)
FN:294,(anonymous_44)
FN:301,(anonymous_45)
FN:302,(anonymous_46)
FN:303,(anonymous_47)
FN:304,(anonymous_48)
FN:324,(anonymous_49)
FN:327,(anonymous_50)
FN:395,(anonymous_51)
FN:396,(anonymous_52)
FNF:53
FNH:0
FNDA:0,(anonymous_0)
FNDA:0,borderPoint
FNDA:0,CanvasView
FNDA:0,(anonymous_3)
FNDA:0,(anonymous_4)
FNDA:0,(anonymous_5)
FNDA:0,(anonymous_6)
FNDA:0,(anonymous_7)
FNDA:0,(anonymous_8)
FNDA:0,(anonymous_9)
FNDA:0,(anonymous_10)
FNDA:0,(anonymous_11)
FNDA:0,(anonymous_12)
FNDA:0,(anonymous_13)
FNDA:0,(anonymous_14)
FNDA:0,(anonymous_15)
FNDA:0,(anonymous_16)
FNDA:0,(anonymous_17)
FNDA:0,(anonymous_18)
FNDA:0,(anonymous_19)
FNDA:0,(anonymous_20)
FNDA:0,(anonymous_21)
FNDA:0,(anonymous_22)
FNDA:0,(anonymous_23)
FNDA:0,(anonymous_24)
FNDA:0,(anonymous_25)
FNDA:0,(anonymous_26)
FNDA:0,(anonymous_27)
FNDA:0,(anonymous_28)
FNDA:0,(anonymous_29)
FNDA:0,(anonymous_30)
FNDA:0,(anonymous_31)
FNDA:0,(anonymous_32)
FNDA:0,(anonymous_33)
FNDA:0,(anonymous_34)
FNDA:0,(anonymous_35)
FNDA:0,(anonymous_36)
FNDA:0,(anonymous_37)
FNDA:0,(anonymous_38)
FNDA:0,(anonymous_39)
FNDA:0,(anonymous_40)
FNDA:0,(anonymous_41)
FNDA:0,(anonymous_42)
FNDA:0,(anonymous_43)
FNDA:0,(anonymous_44)
FNDA:0,(anonymous_45)
FNDA:0,(anonymous_46)
FNDA:0,(anonymous_47)
FNDA:0,(anonymous_48)
FNDA:0,(anonymous_49)
FNDA:0,(anonymous_50)
FNDA:0,(anonymous_51)
FNDA:0,(anonymous_52)
DA:8,0
DA:9,0
DA:10,0
DA:19,0
DA:20,0
DA:21,0
DA:22,0
DA:23,0
DA:24,0
DA:25,0
DA:35,0
DA:36,0
DA:37,0
DA:38,0
DA:39,0
DA:40,0
DA:41,0
DA:43,0
DA:46,0
DA:48,0
DA:49,0
DA:50,0
DA:52,0
DA:54,0
DA:55,0
DA:56,0
DA:57,0
DA:59,0
DA:60,0
DA:61,0
DA:62,0
DA:63,0
DA:65,0
DA:66,0
DA:69,0
DA:70,0
DA:71,0
DA:72,0
DA:73,0
DA:74,0
DA:75,0
DA:76,0
DA:77,0
DA:78,0
DA:79,0
DA:80,0
DA:81,0
DA:85,0
DA:87,0
DA:88,0
DA:92,0
DA:93,0
DA:94,0
DA:95,0
DA:100,0
DA:101,0
DA:102,0
DA:103,0
DA:105,0
DA:106,0
DA:107,0
DA:108,0
DA:109,0
DA:114,0
DA:115,0
DA:117,0
DA:118,0
DA:119,0
DA:120,0
DA:121,0
DA:122,0
DA:126,0
DA:127,0
DA:128,0
DA:129,0
DA:133,0
DA:134,0
DA:135,0
DA:136,0
DA:137,0
DA:138,0
DA:139,0
DA:144,0
DA:145,0
DA:146,0
DA:147,0
DA:148,0
DA:149,0
DA:150,0
DA:151,0
DA:152,0
DA:154,0
DA:155,0
DA:156,0
DA:157,0
DA:158,0
DA:162,0
DA:163,0
DA:167,0
DA:168,0
DA:169,0
DA:170,0
DA:171,0
DA:172,0
DA:178,0
DA:179,0
DA:180,0
DA:181,0
DA:182,0
DA:183,0
DA:186,0
DA:187,0
DA:188,0
DA:190,0
DA:192,0
DA:232,0
DA:234,0
DA:235,0
DA:236,0
DA:237,0
DA:238,0
DA:239,0
DA:240,0
DA:241,0
DA:242,0
DA:262,0
DA:273,0
DA:274,0
DA:275,0
DA:276,0
DA:277,0
DA:278,0
DA:295,0
DA:301,0
DA:302,0
DA:303,0
DA:304,0
DA:325,0
DA:327,0
DA:395,0
DA:396,0
LF:141
LH:0
BRDA:21,0,0,0
BRDA:21,0,1,0
BRDA:21,1,0,0
BRDA:21,1,1,0
BRDA:22,2,0,0
BRDA:22,2,1,0
BRDA:23,3,0,0
BRDA:23,3,1,0
BRDA:71,4,0,0
BRDA:71,4,1,0
BRDA:77,5,0,0
BRDA:77,5,1,0
BRDA:94,6,0,0
BRDA:94,6,1,0
BRDA:101,7,0,0
BRDA:101,7,1,0
BRDA:119,8,0,0
BRDA:119,8,1,0
BRDA:134,9,0,0
BRDA:134,9,1,0
BRDA:137,10,0,0
BRDA:137,10,1,0
BRDA:149,11,0,0
BRDA:149,11,1,0
BRDA:149,12,0,0
BRDA:149,12,1,0
BRDA:149,12,2,0
BRDA:163,13,0,0
BRDA:163,13,1,0
BRDA:168,14,0,0
BRDA:168,14,1,0
BRDA:169,15,0,0
BRDA:169,15,1,0
BRDA:179,16,0,0
BRDA:179,16,1,0
BRDA:201,17,0,0
BRDA:201,17,1,0
BRDA:201,18,0,0
BRDA:201,18,1,0
BRDA:233,19,0,0
BRDA:233,19,1,0
BRDA:235,20,0,0
BRDA:235,20,1,0
BRDA:272,21,0,0
BRDA:272,21,1,0
BRDA:272,21,2,0
BRDA:274,22,0,0
BRDA:274,22,1,0
BRDA:312,23,0,0
BRDA:312,23,1,0
BRDA:331,24,0,0
BRDA:331,24,1,0
BRDA:395,25,0,0
BRDA:395,25,1,0
BRF:54
BRH:0
end_of_record
TN:
SF:src/renderer/src/components/Column.tsx
FN:20,Column
FN:53,(anonymous_1)
FN:93,(anonymous_2)
FN:105,(anonymous_3)
FN:105,(anonymous_4)
FN:117,(anonymous_5)
FN:121,(anonymous_6)
FN:127,(anonymous_7)
FN:142,(anonymous_8)
FN:143,(anonymous_9)
FN:150,(anonymous_10)
FNF:11
FNH:0
FNDA:0,Column
FNDA:0,(anonymous_1)
FNDA:0,(anonymous_2)
FNDA:0,(anonymous_3)
FNDA:0,(anonymous_4)
FNDA:0,(anonymous_5)
FNDA:0,(anonymous_6)
FNDA:0,(anonymous_7)
FNDA:0,(anonymous_8)
FNDA:0,(anonymous_9)
FNDA:0,(anonymous_10)
DA:32,0
DA:42,0
DA:47,0
DA:53,0
DA:55,0
DA:93,0
DA:105,0
DA:117,0
DA:121,0
DA:127,0
DA:142,0
DA:144,0
DA:150,0
LF:13
LH:0
BRDA:50,0,0,0
BRDA:50,0,1,0
BRDA:83,1,0,0
BRDA:83,1,1,0
BRDA:115,2,0,0
BRDA:115,2,1,0
BRDA:140,3,0,0
BRDA:140,3,1,0
BRDA:148,4,0,0
BRDA:148,4,1,0
BRF:10
BRH:0
end_of_record
TN:
SF:src/renderer/src/components/ColumnModal.tsx
FN:11,ColumnModal
FN:14,(anonymous_1)
FN:20,(anonymous_2)
FN:51,(anonymous_3)
FNF:4
FNH:0
FNDA:0,ColumnModal
FNDA:0,(anonymous_1)
FNDA:0,(anonymous_2)
FNDA:0,(anonymous_3)
DA:12,0
DA:14,0
DA:15,0
DA:18,0
DA:20,0
DA:21,0
DA:22,0
DA:23,0
DA:26,0
DA:51,0
LF:10
LH:0
BRDA:15,0,0,0
BRDA:15,0,1,0
BRDA:15,1,0,0
BRDA:15,1,1,0
BRDA:18,2,0,0
BRDA:18,2,1,0
BRDA:22,3,0,0
BRDA:22,3,1,0
BRDA:32,4,0,0
BRDA:32,4,1,0
BRDA:71,5,0,0
BRDA:71,5,1,0
BRF:12
BRH:0
end_of_record
TN:
SF:src/renderer/src/components/ConfirmDialog.tsx
FN:10,ConfirmDialog
FNF:1
FNH:0
FNDA:0,ConfirmDialog
DA:18,0
DA:20,0
LF:2
LH:0
BRDA:14,0,0,0
BRDA:18,1,0,0
BRDA:18,1,1,0
BRF:3
BRH:0
end_of_record
TN:
SF:src/renderer/src/components/DoneView.tsx
FN:15,(anonymous_0)
FN:17,DoneView
FN:19,(anonymous_2)
FN:21,(anonymous_3)
FN:21,(anonymous_4)
FN:24,(anonymous_5)
FN:27,(anonymous_6)
FN:31,(anonymous_7)
FN:51,(anonymous_8)
FN:52,(anonymous_9)
FN:56,(anonymous_10)
FN:57,(anonymous_11)
FN:59,(anonymous_12)
FN:60,(anonymous_13)
FN:82,(anonymous_14)
FN:98,(anonymous_15)
FN:102,(anonymous_16)
FN:103,(anonymous_17)
FN:104,(anonymous_18)
FN:118,DoneTaskRow
FN:154,(anonymous_20)
FN:164,(anonymous_21)
FN:174,(anonymous_22)
FNF:23
FNH:0
FNDA:0,(anonymous_0)
FNDA:0,DoneView
FNDA:0,(anonymous_2)
FNDA:0,(anonymous_3)
FNDA:0,(anonymous_4)
FNDA:0,(anonymous_5)
FNDA:0,(anonymous_6)
FNDA:0,(anonymous_7)
FNDA:0,(anonymous_8)
FNDA:0,(anonymous_9)
FNDA:0,(anonymous_10)
FNDA:0,(anonymous_11)
FNDA:0,(anonymous_12)
FNDA:0,(anonymous_13)
FNDA:0,(anonymous_14)
FNDA:0,(anonymous_15)
FNDA:0,(anonymous_16)
FNDA:0,(anonymous_17)
FNDA:0,(anonymous_18)
FNDA:0,DoneTaskRow
FNDA:0,(anonymous_20)
FNDA:0,(anonymous_21)
FNDA:0,(anonymous_22)
DA:15,0
DA:18,0
DA:20,0
DA:21,0
DA:23,0
DA:24,0
DA:26,0
DA:27,0
DA:29,0
DA:31,0
DA:33,0
DA:34,0
DA:49,0
DA:52,0
DA:55,0
DA:56,0
DA:57,0
DA:59,0
DA:60,0
DA:61,0
DA:62,0
DA:66,0
DA:67,0
DA:70,0
DA:83,0
DA:99,0
DA:102,0
DA:103,0
DA:104,0
DA:129,0
DA:131,0
DA:155,0
DA:164,0
DA:174,0
LF:34
LH:0
BRDA:24,0,0,0
BRDA:24,0,1,0
BRDA:26,1,0,0
BRDA:26,1,1,0
BRDA:33,2,0,0
BRDA:33,2,1,0
BRDA:61,3,0,0
BRDA:61,3,1,0
BRDA:66,4,0,0
BRDA:66,4,1,0
BRDA:77,5,0,0
BRDA:77,5,1,0
BRDA:85,6,0,0
BRDA:85,6,1,0
BRDA:87,7,0,0
BRDA:87,7,1,0
BRDA:90,8,0,0
BRDA:90,8,1,0
BRDA:83,9,0,0
BRDA:83,9,1,0
BRDA:149,10,0,0
BRDA:149,10,1,0
BRF:22
BRH:0
end_of_record
TN:
SF:src/renderer/src/components/GoalView.tsx
FN:19,GoalModal
FN:29,(anonymous_1)
FN:66,(anonymous_2)
FN:79,(anonymous_3)
FN:90,(anonymous_4)
FN:103,(anonymous_5)
FN:114,(anonymous_6)
FN:118,(anonymous_7)
FN:134,(anonymous_8)
FN:138,(anonymous_9)
FN:178,GoalCard
FN:183,(anonymous_11)
FN:190,(anonymous_12)
FN:200,(anonymous_13)
FN:232,(anonymous_14)
FN:232,(anonymous_15)
FN:243,(anonymous_16)
FN:247,(anonymous_17)
FN:253,(anonymous_18)
FN:285,(anonymous_19)
FN:297,(anonymous_20)
FN:298,(anonymous_21)
FN:308,(anonymous_22)
FN:335,GoalView
FN:336,(anonymous_24)
FN:337,(anonymous_25)
FN:338,(anonymous_26)
FN:339,(anonymous_27)
FN:340,(anonymous_28)
FN:344,(anonymous_29)
FN:346,(anonymous_30)
FN:357,(anonymous_31)
FN:378,(anonymous_32)
FN:404,(anonymous_33)
FN:413,(anonymous_34)
FN:418,(anonymous_35)
FN:419,(anonymous_36)
FN:420,(anonymous_37)
FN:421,(anonymous_38)
FN:434,(anonymous_39)
FNF:40
FNH:0
FNDA:0,GoalModal
FNDA:0,(anonymous_1)
FNDA:0,(anonymous_2)
FNDA:0,(anonymous_3)
FNDA:0,(anonymous_4)
FNDA:0,(anonymous_5)
FNDA:0,(anonymous_6)
FNDA:0,(anonymous_7)
FNDA:0,(anonymous_8)
FNDA:0,(anonymous_9)
FNDA:0,GoalCard
FNDA:0,(anonymous_11)
FNDA:0,(anonymous_12)
FNDA:0,(anonymous_13)
FNDA:0,(anonymous_14)
FNDA:0,(anonymous_15)
FNDA:0,(anonymous_16)
FNDA:0,(anonymous_17)
FNDA:0,(anonymous_18)
FNDA:0,(anonymous_19)
FNDA:0,(anonymous_20)
FNDA:0,(anonymous_21)
FNDA:0,(anonymous_22)
FNDA:0,GoalView
FNDA:0,(anonymous_24)
FNDA:0,(anonymous_25)
FNDA:0,(anonymous_26)
FNDA:0,(anonymous_27)
FNDA:0,(anonymous_28)
FNDA:0,(anonymous_29)
FNDA:0,(anonymous_30)
FNDA:0,(anonymous_31)
FNDA:0,(anonymous_32)
FNDA:0,(anonymous_33)
FNDA:0,(anonymous_34)
FNDA:0,(anonymous_35)
FNDA:0,(anonymous_36)
FNDA:0,(anonymous_37)
FNDA:0,(anonymous_38)
FNDA:0,(anonymous_39)
DA:20,0
DA:21,0
DA:22,0
DA:23,0
DA:24,0
DA:25,0
DA:27,0
DA:29,0
DA:30,0
DA:31,0
DA:32,0
DA:33,0
DA:34,0
DA:44,0
DA:66,0
DA:79,0
DA:90,0
DA:103,0
DA:115,0
DA:118,0
DA:134,0
DA:139,0
DA:179,0
DA:180,0
DA:181,0
DA:183,0
DA:184,0
DA:187,0
DA:188,0
DA:190,0
DA:191,0
DA:192,0
DA:193,0
DA:194,0
DA:196,0
DA:200,0
DA:201,0
DA:202,0
DA:205,0
DA:207,0
DA:232,0
DA:243,0
DA:247,0
DA:253,0
DA:285,0
DA:297,0
DA:298,0
DA:308,0
DA:336,0
DA:337,0
DA:338,0
DA:339,0
DA:340,0
DA:342,0
DA:344,0
DA:346,0
DA:347,0
DA:348,0
DA:349,0
DA:351,0
DA:352,0
DA:354,0
DA:357,0
DA:359,0
DA:378,0
DA:404,0
DA:414,0
DA:418,0
DA:419,0
DA:420,0
DA:421,0
DA:434,0
LF:72
LH:0
BRDA:20,0,0,0
BRDA:20,0,1,0
BRDA:21,1,0,0
BRDA:21,1,1,0
BRDA:22,2,0,0
BRDA:22,2,1,0
BRDA:23,3,0,0
BRDA:23,3,1,0
BRDA:24,4,0,0
BRDA:24,4,1,0
BRDA:25,5,0,0
BRDA:25,5,1,0
BRDA:27,6,0,0
BRDA:27,6,1,0
BRDA:31,7,0,0
BRDA:31,7,1,0
BRDA:37,8,0,0
BRDA:37,8,1,0
BRDA:40,9,0,0
BRDA:40,9,1,0
BRDA:49,10,0,0
BRDA:49,10,1,0
BRDA:97,11,0,0
BRDA:97,11,1,0
BRDA:122,12,0,0
BRDA:122,12,1,0
BRDA:129,13,0,0
BRDA:129,13,1,0
BRDA:158,14,0,0
BRDA:158,14,1,0
BRDA:184,15,0,0
BRDA:184,15,1,0
BRDA:187,16,0,0
BRDA:187,16,1,0
BRDA:193,17,0,0
BRDA:193,17,1,0
BRDA:193,18,0,0
BRDA:193,18,1,0
BRDA:201,19,0,0
BRDA:201,19,1,0
BRDA:202,20,0,0
BRDA:202,20,1,0
BRDA:205,21,0,0
BRDA:205,21,1,0
BRDA:215,22,0,0
BRDA:215,22,1,0
BRDA:222,23,0,0
BRDA:222,23,1,0
BRDA:241,24,0,0
BRDA:241,24,1,0
BRDA:270,25,0,0
BRDA:270,25,1,0
BRDA:277,26,0,0
BRDA:277,26,1,0
BRDA:312,27,0,0
BRDA:312,27,1,0
BRDA:313,28,0,0
BRDA:313,28,1,0
BRDA:314,29,0,0
BRDA:314,29,1,0
BRDA:347,30,0,0
BRDA:347,30,1,0
BRDA:371,31,0,0
BRDA:371,31,1,0
BRDA:373,32,0,0
BRDA:373,32,1,0
BRDA:390,33,0,0
BRDA:390,33,1,0
BRDA:417,34,0,0
BRDA:417,34,1,0
BRDA:429,35,0,0
BRDA:429,35,1,0
BRF:72
BRH:0
end_of_record
TN:
SF:src/renderer/src/components/HabitView.tsx
FN:8,getToday
FN:13,subtractDays
FN:19,getStreak
FN:30,getMonthDays
FN:55,HabitModal
FN:59,(anonymous_5)
FN:87,(anonymous_6)
FN:97,(anonymous_7)
FN:101,(anonymous_8)
FN:144,HabitCalendar
FN:151,(anonymous_10)
FN:156,(anonymous_11)
FN:167,(anonymous_12)
FN:203,HabitCard
FN:221,(anonymous_14)
FN:221,(anonymous_15)
FN:232,(anonymous_16)
FN:236,(anonymous_17)
FN:270,(anonymous_18)
FN:297,HabitView
FN:298,(anonymous_20)
FN:299,(anonymous_21)
FN:300,(anonymous_22)
FN:301,(anonymous_23)
FN:311,(anonymous_24)
FN:313,(anonymous_25)
FN:314,(anonymous_26)
FN:315,(anonymous_27)
FN:318,(anonymous_28)
FN:320,(anonymous_29)
FN:321,(anonymous_30)
FN:324,(anonymous_31)
FN:372,(anonymous_32)
FN:398,(anonymous_33)
FN:407,(anonymous_34)
FN:414,(anonymous_35)
FN:415,(anonymous_36)
FN:424,(anonymous_37)
FNF:38
FNH:0
FNDA:0,getToday
FNDA:0,subtractDays
FNDA:0,getStreak
FNDA:0,getMonthDays
FNDA:0,HabitModal
FNDA:0,(anonymous_5)
FNDA:0,(anonymous_6)
FNDA:0,(anonymous_7)
FNDA:0,(anonymous_8)
FNDA:0,HabitCalendar
FNDA:0,(anonymous_10)
FNDA:0,(anonymous_11)
FNDA:0,(anonymous_12)
FNDA:0,HabitCard
FNDA:0,(anonymous_14)
FNDA:0,(anonymous_15)
FNDA:0,(anonymous_16)
FNDA:0,(anonymous_17)
FNDA:0,(anonymous_18)
FNDA:0,HabitView
FNDA:0,(anonymous_20)
FNDA:0,(anonymous_21)
FNDA:0,(anonymous_22)
FNDA:0,(anonymous_23)
FNDA:0,(anonymous_24)
FNDA:0,(anonymous_25)
FNDA:0,(anonymous_26)
FNDA:0,(anonymous_27)
FNDA:0,(anonymous_28)
FNDA:0,(anonymous_29)
FNDA:0,(anonymous_30)
FNDA:0,(anonymous_31)
FNDA:0,(anonymous_32)
FNDA:0,(anonymous_33)
FNDA:0,(anonymous_34)
FNDA:0,(anonymous_35)
FNDA:0,(anonymous_36)
FNDA:0,(anonymous_37)
DA:9,0
DA:10,0
DA:14,0
DA:15,0
DA:16,0
DA:20,0
DA:21,0
DA:22,0
DA:23,0
DA:24,0
DA:25,0
DA:27,0
DA:31,0
DA:32,0
DA:33,0
DA:34,0
DA:35,0
DA:36,0
DA:38,0
DA:39,0
DA:42,0
DA:46,0
DA:56,0
DA:57,0
DA:59,0
DA:60,0
DA:61,0
DA:62,0
DA:65,0
DA:87,0
DA:98,0
DA:101,0
DA:145,0
DA:146,0
DA:148,0
DA:152,0
DA:157,0
DA:158,0
DA:159,0
DA:160,0
DA:161,0
DA:163,0
DA:167,0
DA:204,0
DA:206,0
DA:207,0
DA:208,0
DA:209,0
DA:211,0
DA:221,0
DA:232,0
DA:236,0
DA:270,0
DA:298,0
DA:299,0
DA:300,0
DA:301,0
DA:303,0
DA:305,0
DA:306,0
DA:307,0
DA:308,0
DA:310,0
DA:311,0
DA:313,0
DA:314,0
DA:315,0
DA:318,0
DA:319,0
DA:320,0
DA:321,0
DA:324,0
DA:325,0
DA:326,0
DA:329,0
DA:372,0
DA:398,0
DA:408,0
DA:414,0
DA:415,0
DA:424,0
LF:81
LH:0
BRDA:21,0,0,0
BRDA:21,0,1,0
BRDA:61,1,0,0
BRDA:61,1,1,0
BRDA:105,2,0,0
BRDA:105,2,1,0
BRDA:157,3,0,0
BRDA:157,3,1,0
BRDA:170,4,0,0
BRDA:170,4,1,0
BRDA:175,5,0,0
BRDA:175,5,1,0
BRDA:176,6,0,0
BRDA:176,6,1,0
BRDA:176,7,0,0
BRDA:176,7,1,0
BRDA:177,8,0,0
BRDA:177,8,1,0
BRDA:178,9,0,0
BRDA:178,9,1,0
BRDA:178,10,0,0
BRDA:178,10,1,0
BRDA:179,11,0,0
BRDA:179,11,1,0
BRDA:230,12,0,0
BRDA:230,12,1,0
BRDA:259,13,0,0
BRDA:259,13,1,0
BRDA:262,14,0,0
BRDA:262,14,1,0
BRDA:273,15,0,0
BRDA:273,15,1,0
BRDA:278,16,0,0
BRDA:278,16,1,0
BRDA:279,17,0,0
BRDA:279,17,1,0
BRDA:288,18,0,0
BRDA:288,18,1,0
BRDA:310,19,0,0
BRDA:310,19,1,0
BRDA:314,20,0,0
BRDA:314,20,1,0
BRDA:319,21,0,0
BRDA:319,21,1,0
BRDA:320,22,0,0
BRDA:320,22,1,0
BRDA:340,23,0,0
BRDA:340,23,1,0
BRDA:346,24,0,0
BRDA:346,24,1,0
BRDA:385,25,0,0
BRDA:385,25,1,0
BRDA:423,26,0,0
BRDA:423,26,1,0
BRF:54
BRH:0
end_of_record
TN:
SF:src/renderer/src/components/ProjectModal.tsx
FN:12,ProjectModal
FN:17,(anonymous_1)
FN:27,(anonymous_2)
FN:58,(anonymous_3)
FN:69,(anonymous_4)
FN:79,(anonymous_5)
FN:83,(anonymous_6)
FNF:7
FNH:0
FNDA:0,ProjectModal
FNDA:0,(anonymous_1)
FNDA:0,(anonymous_2)
FNDA:0,(anonymous_3)
FNDA:0,(anonymous_4)
FNDA:0,(anonymous_5)
FNDA:0,(anonymous_6)
DA:13,0
DA:14,0
DA:15,0
DA:17,0
DA:18,0
DA:19,0
DA:20,0
DA:21,0
DA:25,0
DA:27,0
DA:28,0
DA:29,0
DA:30,0
DA:33,0
DA:58,0
DA:69,0
DA:80,0
DA:83,0
LF:18
LH:0
BRDA:18,0,0,0
BRDA:18,0,1,0
BRDA:19,1,0,0
BRDA:19,1,1,0
BRDA:20,2,0,0
BRDA:20,2,1,0
BRDA:21,3,0,0
BRDA:21,3,1,0
BRDA:25,4,0,0
BRDA:25,4,1,0
BRDA:29,5,0,0
BRDA:29,5,1,0
BRDA:39,6,0,0
BRDA:39,6,1,0
BRDA:87,7,0,0
BRDA:87,7,1,0
BRDA:108,8,0,0
BRDA:108,8,1,0
BRF:18
BRH:0
end_of_record
TN:
SF:src/renderer/src/components/ReportsView.tsx
FN:18,formatTime
FN:27,isDoneCol
FN:28,(anonymous_2)
FN:29,(anonymous_3)
FN:32,StatCard
FN:42,SectionTitle
FN:48,ReportsView
FN:49,(anonymous_7)
FN:49,(anonymous_8)
FN:51,(anonymous_9)
FN:51,(anonymous_10)
FN:52,(anonymous_11)
FN:52,(anonymous_12)
FN:54,(anonymous_13)
FN:54,(anonymous_14)
FN:58,(anonymous_15)
FN:60,(anonymous_16)
FN:64,(anonymous_17)
FN:72,(anonymous_18)
FN:73,(anonymous_19)
FN:77,(anonymous_20)
FN:84,(anonymous_21)
FN:85,(anonymous_22)
FN:86,(anonymous_23)
FN:90,(anonymous_24)
FN:93,(anonymous_25)
FN:97,(anonymous_26)
FN:98,(anonymous_27)
FN:99,(anonymous_28)
FN:103,(anonymous_29)
FN:106,(anonymous_30)
FN:139,(anonymous_31)
FN:151,(anonymous_32)
FN:176,(anonymous_33)
FN:205,(anonymous_34)
FN:232,(anonymous_35)
FNF:36
FNH:0
FNDA:0,formatTime
FNDA:0,isDoneCol
FNDA:0,(anonymous_2)
FNDA:0,(anonymous_3)
FNDA:0,StatCard
FNDA:0,SectionTitle
FNDA:0,ReportsView
FNDA:0,(anonymous_7)
FNDA:0,(anonymous_8)
FNDA:0,(anonymous_9)
FNDA:0,(anonymous_10)
FNDA:0,(anonymous_11)
FNDA:0,(anonymous_12)
FNDA:0,(anonymous_13)
FNDA:0,(anonymous_14)
FNDA:0,(anonymous_15)
FNDA:0,(anonymous_16)
FNDA:0,(anonymous_17)
FNDA:0,(anonymous_18)
FNDA:0,(anonymous_19)
FNDA:0,(anonymous_20)
FNDA:0,(anonymous_21)
FNDA:0,(anonymous_22)
FNDA:0,(anonymous_23)
FNDA:0,(anonymous_24)
FNDA:0,(anonymous_25)
FNDA:0,(anonymous_26)
FNDA:0,(anonymous_27)
FNDA:0,(anonymous_28)
FNDA:0,(anonymous_29)
FNDA:0,(anonymous_30)
FNDA:0,(anonymous_31)
FNDA:0,(anonymous_32)
FNDA:0,(anonymous_33)
FNDA:0,(anonymous_34)
FNDA:0,(anonymous_35)
DA:11,0
DA:19,0
DA:20,0
DA:21,0
DA:22,0
DA:23,0
DA:24,0
DA:28,0
DA:29,0
DA:33,0
DA:43,0
DA:49,0
DA:51,0
DA:52,0
DA:54,0
DA:55,0
DA:58,0
DA:59,0
DA:60,0
DA:61,0
DA:62,0
DA:63,0
DA:64,0
DA:65,0
DA:66,0
DA:68,0
DA:72,0
DA:73,0
DA:74,0
DA:77,0
DA:78,0
DA:79,0
DA:80,0
DA:81,0
DA:83,0
DA:84,0
DA:85,0
DA:86,0
DA:90,0
DA:93,0
DA:94,0
DA:95,0
DA:96,0
DA:97,0
DA:98,0
DA:99,0
DA:103,0
DA:106,0
DA:107,0
DA:108,0
DA:109,0
DA:112,0
DA:114,0
DA:139,0
DA:152,0
DA:177,0
DA:178,0
DA:179,0
DA:180,0
DA:206,0
DA:233,0
LF:61
LH:0
BRDA:21,0,0,0
BRDA:21,0,1,0
BRDA:22,1,0,0
BRDA:22,1,1,0
BRDA:22,2,0,0
BRDA:22,2,1,0
BRDA:23,3,0,0
BRDA:23,3,1,0
BRDA:37,4,0,0
BRDA:37,4,1,0
BRDA:54,5,0,0
BRDA:54,5,1,0
BRDA:55,6,0,0
BRDA:55,6,1,0
BRDA:80,7,0,0
BRDA:80,7,1,0
BRDA:81,8,0,0
BRDA:81,8,1,0
BRDA:95,9,0,0
BRDA:95,9,1,0
BRDA:138,10,0,0
BRDA:138,10,1,0
BRDA:139,11,0,0
BRDA:139,11,1,0
BRDA:153,12,0,0
BRDA:153,12,1,0
BRDA:160,13,0,0
BRDA:160,13,1,0
BRDA:161,14,0,0
BRDA:161,14,1,0
BRDA:162,15,0,0
BRDA:162,15,1,0
BRDA:201,16,0,0
BRDA:201,16,1,0
BRDA:228,17,0,0
BRDA:228,17,1,0
BRF:36
BRH:0
end_of_record
TN:
SF:src/renderer/src/components/SearchModal.tsx
FN:14,SearchModal
FN:18,(anonymous_1)
FN:19,(anonymous_2)
FN:20,(anonymous_3)
FN:22,(anonymous_4)
FN:22,(anonymous_5)
FN:24,(anonymous_6)
FN:27,(anonymous_7)
FN:33,(anonymous_8)
FN:37,(anonymous_9)
FN:40,(anonymous_10)
FN:45,(anonymous_11)
FN:47,(anonymous_12)
FN:67,(anonymous_13)
FN:68,(anonymous_14)
FN:95,(anonymous_15)
FN:97,(anonymous_16)
FN:102,(anonymous_17)
FN:135,(anonymous_18)
FN:140,(anonymous_19)
FNF:20
FNH:0
FNDA:0,SearchModal
FNDA:0,(anonymous_1)
FNDA:0,(anonymous_2)
FNDA:0,(anonymous_3)
FNDA:0,(anonymous_4)
FNDA:0,(anonymous_5)
FNDA:0,(anonymous_6)
FNDA:0,(anonymous_7)
FNDA:0,(anonymous_8)
FNDA:0,(anonymous_9)
FNDA:0,(anonymous_10)
FNDA:0,(anonymous_11)
FNDA:0,(anonymous_12)
FNDA:0,(anonymous_13)
FNDA:0,(anonymous_14)
FNDA:0,(anonymous_15)
FNDA:0,(anonymous_16)
FNDA:0,(anonymous_17)
FNDA:0,(anonymous_18)
FNDA:0,(anonymous_19)
DA:15,0
DA:16,0
DA:18,0
DA:19,0
DA:20,0
DA:22,0
DA:24,0
DA:25,0
DA:26,0
DA:27,0
DA:31,0
DA:33,0
DA:34,0
DA:35,0
DA:38,0
DA:40,0
DA:45,0
DA:46,0
DA:47,0
DA:50,0
DA:52,0
DA:54,0
DA:67,0
DA:68,0
DA:96,0
DA:97,0
DA:98,0
DA:99,0
DA:102,0
DA:136,0
DA:137,0
DA:140,0
LF:32
LH:0
BRDA:25,0,0,0
BRDA:25,0,1,0
BRDA:34,1,0,0
BRDA:34,1,1,0
BRDA:38,2,0,0
BRDA:38,2,1,0
BRDA:38,2,2,0
BRDA:46,3,0,0
BRDA:46,3,1,0
BRDA:50,4,0,0
BRDA:50,4,1,0
BRDA:52,5,0,0
BRDA:52,5,1,0
BRDA:68,6,0,0
BRDA:68,6,1,0
BRDA:79,7,0,0
BRDA:79,7,1,0
BRDA:84,8,0,0
BRDA:84,8,1,0
BRDA:84,8,2,0
BRDA:90,9,0,0
BRDA:90,9,1,0
BRDA:105,10,0,0
BRDA:105,10,1,0
BRDA:108,11,0,0
BRDA:108,11,1,0
BRDA:112,12,0,0
BRDA:112,12,1,0
BRDA:130,13,0,0
BRDA:130,13,1,0
BRDA:146,14,0,0
BRDA:146,14,1,0
BRDA:161,15,0,0
BRDA:161,15,1,0
BRF:34
BRH:0
end_of_record
TN:
SF:src/renderer/src/components/ShoppingView.tsx
FN:13,formatCurrency
FN:22,itemTotal
FN:26,parseDecimalInput
FN:48,ListSidebar
FN:55,(anonymous_4)
FN:63,(anonymous_5)
FN:69,(anonymous_6)
FN:84,(anonymous_7)
FN:85,(anonymous_8)
FN:92,(anonymous_9)
FN:98,(anonymous_10)
FN:100,(anonymous_11)
FN:105,(anonymous_12)
FN:123,(anonymous_13)
FN:132,(anonymous_14)
FN:153,(anonymous_15)
FN:154,(anonymous_16)
FN:162,(anonymous_17)
FN:165,(anonymous_18)
FN:185,(anonymous_19)
FN:194,(anonymous_20)
FN:218,ItemRow
FN:224,(anonymous_22)
FN:233,(anonymous_23)
FN:239,(anonymous_24)
FN:249,(anonymous_25)
FN:261,(anonymous_26)
FN:266,(anonymous_27)
FN:290,(anonymous_28)
FN:305,(anonymous_29)
FN:320,(anonymous_30)
FN:334,(anonymous_31)
FN:341,(anonymous_32)
FN:384,AddItemRow
FN:391,(anonymous_34)
FN:410,(anonymous_35)
FN:427,(anonymous_36)
FN:439,(anonymous_37)
FN:452,(anonymous_38)
FN:463,(anonymous_39)
FN:486,ShoppingView
FN:487,(anonymous_41)
FN:488,(anonymous_42)
FN:489,(anonymous_43)
FN:490,(anonymous_44)
FN:491,(anonymous_45)
FN:492,(anonymous_46)
FN:493,(anonymous_47)
FN:494,(anonymous_48)
FN:498,(anonymous_49)
FN:503,(anonymous_50)
FN:508,(anonymous_51)
FN:513,(anonymous_52)
FN:515,(anonymous_53)
FN:516,(anonymous_54)
FN:516,(anonymous_55)
FN:518,(anonymous_56)
FN:601,(anonymous_57)
FN:606,(anonymous_58)
FN:607,(anonymous_59)
FN:608,(anonymous_60)
FN:611,(anonymous_61)
FNF:62
FNH:0
FNDA:0,formatCurrency
FNDA:0,itemTotal
FNDA:0,parseDecimalInput
FNDA:0,ListSidebar
FNDA:0,(anonymous_4)
FNDA:0,(anonymous_5)
FNDA:0,(anonymous_6)
FNDA:0,(anonymous_7)
FNDA:0,(anonymous_8)
FNDA:0,(anonymous_9)
FNDA:0,(anonymous_10)
FNDA:0,(anonymous_11)
FNDA:0,(anonymous_12)
FNDA:0,(anonymous_13)
FNDA:0,(anonymous_14)
FNDA:0,(anonymous_15)
FNDA:0,(anonymous_16)
FNDA:0,(anonymous_17)
FNDA:0,(anonymous_18)
FNDA:0,(anonymous_19)
FNDA:0,(anonymous_20)
FNDA:0,ItemRow
FNDA:0,(anonymous_22)
FNDA:0,(anonymous_23)
FNDA:0,(anonymous_24)
FNDA:0,(anonymous_25)
FNDA:0,(anonymous_26)
FNDA:0,(anonymous_27)
FNDA:0,(anonymous_28)
FNDA:0,(anonymous_29)
FNDA:0,(anonymous_30)
FNDA:0,(anonymous_31)
FNDA:0,(anonymous_32)
FNDA:0,AddItemRow
FNDA:0,(anonymous_34)
FNDA:0,(anonymous_35)
FNDA:0,(anonymous_36)
FNDA:0,(anonymous_37)
FNDA:0,(anonymous_38)
FNDA:0,(anonymous_39)
FNDA:0,ShoppingView
FNDA:0,(anonymous_41)
FNDA:0,(anonymous_42)
FNDA:0,(anonymous_43)
FNDA:0,(anonymous_44)
FNDA:0,(anonymous_45)
FNDA:0,(anonymous_46)
FNDA:0,(anonymous_47)
FNDA:0,(anonymous_48)
FNDA:0,(anonymous_49)
FNDA:0,(anonymous_50)
FNDA:0,(anonymous_51)
FNDA:0,(anonymous_52)
FNDA:0,(anonymous_53)
FNDA:0,(anonymous_54)
FNDA:0,(anonymous_55)
FNDA:0,(anonymous_56)
FNDA:0,(anonymous_57)
FNDA:0,(anonymous_58)
FNDA:0,(anonymous_59)
FNDA:0,(anonymous_60)
FNDA:0,(anonymous_61)
DA:7,0
DA:14,0
DA:15,0
DA:19,0
DA:23,0
DA:27,0
DA:28,0
DA:29,0
DA:30,0
DA:31,0
DA:33,0
DA:49,0
DA:50,0
DA:51,0
DA:52,0
DA:53,0
DA:55,0
DA:56,0
DA:57,0
DA:58,0
DA:59,0
DA:60,0
DA:63,0
DA:64,0
DA:65,0
DA:66,0
DA:69,0
DA:70,0
DA:71,0
DA:74,0
DA:85,0
DA:86,0
DA:92,0
DA:98,0
DA:101,0
DA:102,0
DA:103,0
DA:105,0
DA:123,0
DA:132,0
DA:153,0
DA:155,0
DA:156,0
DA:163,0
DA:165,0
DA:185,0
DA:194,0
DA:219,0
DA:220,0
DA:221,0
DA:222,0
DA:224,0
DA:225,0
DA:226,0
DA:227,0
DA:228,0
DA:231,0
DA:233,0
DA:234,0
DA:235,0
DA:236,0
DA:239,0
DA:240,0
DA:241,0
DA:242,0
DA:243,0
DA:245,0
DA:249,0
DA:250,0
DA:251,0
DA:252,0
DA:253,0
DA:254,0
DA:255,0
DA:257,0
DA:261,0
DA:262,0
DA:263,0
DA:266,0
DA:267,0
DA:270,0
DA:290,0
DA:305,0
DA:320,0
DA:334,0
DA:341,0
DA:385,0
DA:386,0
DA:387,0
DA:388,0
DA:389,0
DA:391,0
DA:392,0
DA:393,0
DA:394,0
DA:395,0
DA:403,0
DA:404,0
DA:405,0
DA:406,0
DA:407,0
DA:410,0
DA:411,0
DA:414,0
DA:427,0
DA:439,0
DA:452,0
DA:463,0
DA:487,0
DA:488,0
DA:489,0
DA:490,0
DA:491,0
DA:492,0
DA:493,0
DA:494,0
DA:496,0
DA:498,0
DA:499,0
DA:500,0
DA:501,0
DA:503,0
DA:504,0
DA:508,0
DA:509,0
DA:510,0
DA:512,0
DA:513,0
DA:514,0
DA:515,0
DA:516,0
DA:518,0
DA:519,0
DA:520,0
DA:523,0
DA:602,0
DA:606,0
DA:607,0
DA:608,0
DA:611,0
LF:140
LH:0
BRDA:23,0,0,0
BRDA:23,0,1,0
BRDA:28,1,0,0
BRDA:28,1,1,0
BRDA:31,2,0,0
BRDA:31,2,1,0
BRDA:31,3,0,0
BRDA:31,3,1,0
BRDA:56,4,0,0
BRDA:56,4,1,0
BRDA:70,5,0,0
BRDA:70,5,1,0
BRDA:70,6,0,0
BRDA:70,6,1,0
BRDA:81,7,0,0
BRDA:81,7,1,0
BRDA:90,8,0,0
BRDA:90,8,1,0
BRDA:94,9,0,0
BRDA:94,9,1,0
BRDA:101,10,0,0
BRDA:101,10,1,0
BRDA:102,11,0,0
BRDA:102,11,1,0
BRDA:110,12,0,0
BRDA:110,12,1,0
BRDA:115,13,0,0
BRDA:115,13,1,0
BRDA:148,14,0,0
BRDA:148,14,1,0
BRDA:155,15,0,0
BRDA:155,15,1,0
BRDA:156,16,0,0
BRDA:156,16,1,0
BRDA:167,17,0,0
BRDA:167,17,1,0
BRDA:221,18,0,0
BRDA:221,18,1,0
BRDA:222,19,0,0
BRDA:222,19,1,0
BRDA:227,20,0,0
BRDA:227,20,1,0
BRDA:228,21,0,0
BRDA:228,21,1,0
BRDA:235,22,0,0
BRDA:235,22,1,0
BRDA:235,23,0,0
BRDA:235,23,1,0
BRDA:241,24,0,0
BRDA:241,24,1,0
BRDA:241,25,0,0
BRDA:241,25,1,0
BRDA:243,26,0,0
BRDA:243,26,1,0
BRDA:251,27,0,0
BRDA:251,27,1,0
BRDA:251,28,0,0
BRDA:251,28,1,0
BRDA:252,29,0,0
BRDA:252,29,1,0
BRDA:253,30,0,0
BRDA:253,30,1,0
BRDA:253,31,0,0
BRDA:253,31,1,0
BRDA:255,32,0,0
BRDA:255,32,1,0
BRDA:257,33,0,0
BRDA:257,33,1,0
BRDA:263,34,0,0
BRDA:263,34,1,0
BRDA:263,35,0,0
BRDA:263,35,1,0
BRDA:263,36,0,0
BRDA:263,36,1,0
BRDA:267,37,0,0
BRDA:267,37,1,0
BRDA:271,38,0,0
BRDA:271,38,1,0
BRDA:276,39,0,0
BRDA:276,39,1,0
BRDA:279,40,0,0
BRDA:279,40,1,0
BRDA:294,41,0,0
BRDA:294,41,1,0
BRDA:339,42,0,0
BRDA:339,42,1,0
BRDA:356,43,0,0
BRDA:356,43,1,0
BRDA:392,44,0,0
BRDA:392,44,1,0
BRDA:397,45,0,0
BRDA:397,45,1,0
BRDA:397,46,0,0
BRDA:397,46,1,0
BRDA:398,47,0,0
BRDA:398,47,1,0
BRDA:398,48,0,0
BRDA:398,48,1,0
BRDA:401,49,0,0
BRDA:401,49,1,0
BRDA:411,50,0,0
BRDA:411,50,1,0
BRDA:499,51,0,0
BRDA:499,51,1,0
BRDA:499,52,0,0
BRDA:499,52,1,0
BRDA:503,53,0,0
BRDA:503,53,1,0
BRDA:503,54,0,0
BRDA:503,54,1,0
BRDA:504,55,0,0
BRDA:504,55,1,0
BRDA:508,56,0,0
BRDA:508,56,1,0
BRDA:509,57,0,0
BRDA:509,57,1,0
BRDA:510,58,0,0
BRDA:510,58,1,0
BRDA:514,59,0,0
BRDA:514,59,1,0
BRDA:539,60,0,0
BRDA:539,60,1,0
BRDA:560,61,0,0
BRDA:560,61,1,0
BRDA:566,62,0,0
BRDA:566,62,1,0
BRDA:572,63,0,0
BRDA:572,63,1,0
BRDA:575,64,0,0
BRDA:575,64,1,0
BRDA:579,65,0,0
BRDA:579,65,1,0
BRDA:617,66,0,0
BRDA:617,66,1,0
BRDA:622,67,0,0
BRDA:622,67,1,0
BRDA:627,68,0,0
BRDA:627,68,1,0
BRDA:632,69,0,0
BRDA:632,69,1,0
BRDA:638,70,0,0
BRDA:638,70,1,0
BRDA:640,71,0,0
BRDA:640,71,1,0
BRDA:640,71,2,0
BRF:145
BRH:0
end_of_record
TN:
SF:src/renderer/src/components/Sidebar.tsx
FN:22,Sidebar
FN:43,(anonymous_1)
FN:49,(anonymous_2)
FN:52,(anonymous_3)
FN:81,(anonymous_4)
FN:81,(anonymous_5)
FN:94,(anonymous_6)
FN:101,(anonymous_7)
FN:112,(anonymous_8)
FN:141,(anonymous_9)
FN:172,(anonymous_10)
FN:187,(anonymous_11)
FN:203,(anonymous_12)
FN:216,(anonymous_13)
FN:231,(anonymous_14)
FN:244,(anonymous_15)
FN:259,(anonymous_16)
FN:283,(anonymous_17)
FN:286,(anonymous_18)
FN:302,(anonymous_19)
FN:319,(anonymous_20)
FN:327,(anonymous_21)
FN:378,(anonymous_22)
FN:383,(anonymous_23)
FN:383,(anonymous_24)
FN:387,(anonymous_25)
FN:393,(anonymous_26)
FNF:27
FNH:0
FNDA:0,Sidebar
FNDA:0,(anonymous_1)
FNDA:0,(anonymous_2)
FNDA:0,(anonymous_3)
FNDA:0,(anonymous_4)
FNDA:0,(anonymous_5)
FNDA:0,(anonymous_6)
FNDA:0,(anonymous_7)
FNDA:0,(anonymous_8)
FNDA:0,(anonymous_9)
FNDA:0,(anonymous_10)
FNDA:0,(anonymous_11)
FNDA:0,(anonymous_12)
FNDA:0,(anonymous_13)
FNDA:0,(anonymous_14)
FNDA:0,(anonymous_15)
FNDA:0,(anonymous_16)
FNDA:0,(anonymous_17)
FNDA:0,(anonymous_18)
FNDA:0,(anonymous_19)
FNDA:0,(anonymous_20)
FNDA:0,(anonymous_21)
FNDA:0,(anonymous_22)
FNDA:0,(anonymous_23)
FNDA:0,(anonymous_24)
FNDA:0,(anonymous_25)
FNDA:0,(anonymous_26)
DA:36,0
DA:37,0
DA:38,0
DA:39,0
DA:40,0
DA:41,0
DA:43,0
DA:44,0
DA:45,0
DA:46,0
DA:47,0
DA:49,0
DA:52,0
DA:53,0
DA:54,0
DA:55,0
DA:56,0
DA:58,0
DA:59,0
DA:60,0
DA:63,0
DA:81,0
DA:94,0
DA:101,0
DA:112,0
DA:141,0
DA:172,0
DA:187,0
DA:203,0
DA:216,0
DA:231,0
DA:244,0
DA:259,0
DA:284,0
DA:286,0
DA:302,0
DA:319,0
DA:327,0
DA:378,0
DA:383,0
DA:384,0
DA:387,0
DA:393,0
LF:43
LH:0
BRDA:45,0,0,0
BRDA:45,0,1,0
BRDA:45,1,0,0
BRDA:45,1,1,0
BRDA:54,2,0,0
BRDA:54,2,1,0
BRDA:92,3,0,0
BRDA:92,3,1,0
BRDA:128,4,0,0
BRDA:128,4,1,0
BRDA:174,5,0,0
BRDA:174,5,1,0
BRDA:174,6,0,0
BRDA:174,6,1,0
BRDA:189,7,0,0
BRDA:189,7,1,0
BRDA:205,8,0,0
BRDA:205,8,1,0
BRDA:218,9,0,0
BRDA:218,9,1,0
BRDA:233,10,0,0
BRDA:233,10,1,0
BRDA:246,11,0,0
BRDA:246,11,1,0
BRDA:261,12,0,0
BRDA:261,12,1,0
BRDA:280,13,0,0
BRDA:280,13,1,0
BRDA:288,14,0,0
BRDA:288,14,1,0
BRDA:300,15,0,0
BRDA:300,15,1,0
BRDA:317,16,0,0
BRDA:317,16,1,0
BRDA:376,17,0,0
BRDA:376,17,1,0
BRF:36
BRH:0
end_of_record
TN:
SF:src/renderer/src/components/SprintBadge.tsx
FN:14,SprintBadge
FN:28,(anonymous_1)
FN:29,(anonymous_2)
FN:30,(anonymous_3)
FN:31,(anonymous_4)
FN:33,(anonymous_5)
FN:37,(anonymous_6)
FN:38,(anonymous_7)
FN:45,(anonymous_8)
FN:58,(anonymous_9)
FN:58,(anonymous_10)
FN:76,(anonymous_11)
FN:87,(anonymous_12)
FN:96,(anonymous_13)
FN:99,(anonymous_14)
FN:118,(anonymous_15)
FN:132,(anonymous_16)
FN:133,(anonymous_17)
FN:149,(anonymous_18)
FN:173,(anonymous_19)
FN:180,(anonymous_20)
FN:187,(anonymous_21)
FNF:22
FNH:0
FNDA:0,SprintBadge
FNDA:0,(anonymous_1)
FNDA:0,(anonymous_2)
FNDA:0,(anonymous_3)
FNDA:0,(anonymous_4)
FNDA:0,(anonymous_5)
FNDA:0,(anonymous_6)
FNDA:0,(anonymous_7)
FNDA:0,(anonymous_8)
FNDA:0,(anonymous_9)
FNDA:0,(anonymous_10)
FNDA:0,(anonymous_11)
FNDA:0,(anonymous_12)
FNDA:0,(anonymous_13)
FNDA:0,(anonymous_14)
FNDA:0,(anonymous_15)
FNDA:0,(anonymous_16)
FNDA:0,(anonymous_17)
FNDA:0,(anonymous_18)
FNDA:0,(anonymous_19)
FNDA:0,(anonymous_20)
FNDA:0,(anonymous_21)
DA:23,0
DA:24,0
DA:25,0
DA:26,0
DA:28,0
DA:29,0
DA:30,0
DA:31,0
DA:33,0
DA:34,0
DA:37,0
DA:38,0
DA:39,0
DA:40,0
DA:41,0
DA:42,0
DA:45,0
DA:47,0
DA:53,0
DA:55,0
DA:58,0
DA:76,0
DA:87,0
DA:97,0
DA:99,0
DA:118,0
DA:132,0
DA:134,0
DA:149,0
DA:173,0
DA:181,0
DA:187,0
LF:32
LH:0
BRDA:34,0,0,0
BRDA:34,0,1,0
BRDA:34,1,0,0
BRDA:34,1,1,0
BRDA:39,2,0,0
BRDA:39,2,1,0
BRDA:47,3,0,0
BRDA:47,3,1,0
BRDA:49,4,0,0
BRDA:49,4,1,0
BRDA:53,5,0,0
BRDA:53,5,1,0
BRDA:60,6,0,0
BRDA:60,6,1,0
BRDA:74,7,0,0
BRDA:74,7,1,0
BRDA:80,8,0,0
BRDA:80,8,1,0
BRDA:89,9,0,0
BRDA:89,9,1,0
BRDA:101,10,0,0
BRDA:101,10,1,0
BRDA:106,11,0,0
BRDA:106,11,1,0
BRDA:116,12,0,0
BRDA:116,12,1,0
BRDA:134,13,0,0
BRDA:134,13,1,0
BRDA:146,14,0,0
BRDA:146,14,1,0
BRDA:146,15,0,0
BRDA:146,15,1,0
BRDA:155,16,0,0
BRDA:155,16,1,0
BRDA:155,16,2,0
BRDA:165,17,0,0
BRDA:165,17,1,0
BRF:37
BRH:0
end_of_record
TN:
SF:src/renderer/src/components/StickyNoteCard.tsx
FN:18,StickyNoteCard
FN:32,(anonymous_1)
FN:34,(anonymous_2)
FN:41,(anonymous_3)
FN:45,(anonymous_4)
FN:48,(anonymous_5)
FN:53,(anonymous_6)
FN:55,(anonymous_7)
FN:61,(anonymous_8)
FN:64,(anonymous_9)
FN:74,(anonymous_10)
FN:82,(anonymous_11)
FN:93,(anonymous_12)
FN:98,(anonymous_13)
FN:108,(anonymous_14)
FN:110,(anonymous_15)
FN:112,(anonymous_16)
FN:116,(anonymous_17)
FN:117,(anonymous_18)
FN:118,(anonymous_19)
FN:120,(anonymous_20)
FN:120,(anonymous_21)
FN:122,(anonymous_22)
FN:138,(anonymous_23)
FN:164,(anonymous_24)
FN:165,(anonymous_25)
FN:180,(anonymous_26)
FN:181,(anonymous_27)
FN:187,(anonymous_28)
FN:190,(anonymous_29)
FN:217,(anonymous_30)
FN:218,(anonymous_31)
FN:227,(anonymous_32)
FN:258,(anonymous_33)
FN:276,(anonymous_34)
FN:288,(anonymous_35)
FN:306,(anonymous_36)
FN:307,(anonymous_37)
FN:308,(anonymous_38)
FN:327,(anonymous_39)
FN:335,(anonymous_40)
FN:337,(anonymous_41)
FN:354,(anonymous_42)
FN:362,(anonymous_43)
FN:366,(anonymous_44)
FNF:45
FNH:0
FNDA:0,StickyNoteCard
FNDA:0,(anonymous_1)
FNDA:0,(anonymous_2)
FNDA:0,(anonymous_3)
FNDA:0,(anonymous_4)
FNDA:0,(anonymous_5)
FNDA:0,(anonymous_6)
FNDA:0,(anonymous_7)
FNDA:0,(anonymous_8)
FNDA:0,(anonymous_9)
FNDA:0,(anonymous_10)
FNDA:0,(anonymous_11)
FNDA:0,(anonymous_12)
FNDA:0,(anonymous_13)
FNDA:0,(anonymous_14)
FNDA:0,(anonymous_15)
FNDA:0,(anonymous_16)
FNDA:0,(anonymous_17)
FNDA:0,(anonymous_18)
FNDA:0,(anonymous_19)
FNDA:0,(anonymous_20)
FNDA:0,(anonymous_21)
FNDA:0,(anonymous_22)
FNDA:0,(anonymous_23)
FNDA:0,(anonymous_24)
FNDA:0,(anonymous_25)
FNDA:0,(anonymous_26)
FNDA:0,(anonymous_27)
FNDA:0,(anonymous_28)
FNDA:0,(anonymous_29)
FNDA:0,(anonymous_30)
FNDA:0,(anonymous_31)
FNDA:0,(anonymous_32)
FNDA:0,(anonymous_33)
FNDA:0,(anonymous_34)
FNDA:0,(anonymous_35)
FNDA:0,(anonymous_36)
FNDA:0,(anonymous_37)
FNDA:0,(anonymous_38)
FNDA:0,(anonymous_39)
FNDA:0,(anonymous_40)
FNDA:0,(anonymous_41)
FNDA:0,(anonymous_42)
FNDA:0,(anonymous_43)
FNDA:0,(anonymous_44)
DA:19,0
DA:20,0
DA:21,0
DA:22,0
DA:23,0
DA:25,0
DA:26,0
DA:27,0
DA:28,0
DA:29,0
DA:30,0
DA:32,0
DA:34,0
DA:35,0
DA:36,0
DA:37,0
DA:41,0
DA:42,0
DA:45,0
DA:46,0
DA:47,0
DA:48,0
DA:53,0
DA:54,0
DA:55,0
DA:56,0
DA:57,0
DA:60,0
DA:61,0
DA:64,0
DA:65,0
DA:66,0
DA:67,0
DA:69,0
DA:70,0
DA:71,0
DA:72,0
DA:74,0
DA:75,0
DA:76,0
DA:77,0
DA:78,0
DA:79,0
DA:80,0
DA:82,0
DA:83,0
DA:84,0
DA:85,0
DA:86,0
DA:87,0
DA:89,0
DA:90,0
DA:93,0
DA:94,0
DA:95,0
DA:98,0
DA:99,0
DA:100,0
DA:101,0
DA:103,0
DA:104,0
DA:108,0
DA:109,0
DA:110,0
DA:112,0
DA:113,0
DA:115,0
DA:116,0
DA:117,0
DA:118,0
DA:120,0
DA:122,0
DA:124,0
DA:125,0
DA:127,0
DA:138,0
DA:164,0
DA:165,0
DA:180,0
DA:181,0
DA:187,0
DA:190,0
DA:217,0
DA:218,0
DA:227,0
DA:258,0
DA:276,0
DA:288,0
DA:306,0
DA:307,0
DA:308,0
DA:327,0
DA:335,0
DA:337,0
DA:355,0
DA:363,0
DA:367,0
DA:368,0
LF:98
LH:0
BRDA:35,0,0,0
BRDA:35,0,1,0
BRDA:42,1,0,0
BRDA:42,1,1,0
BRDA:46,2,0,0
BRDA:46,2,1,0
BRDA:54,3,0,0
BRDA:54,3,1,0
BRDA:56,4,0,0
BRDA:56,4,1,0
BRDA:56,5,0,0
BRDA:56,5,1,0
BRDA:65,6,0,0
BRDA:65,6,1,0
BRDA:99,7,0,0
BRDA:99,7,1,0
BRDA:103,8,0,0
BRDA:103,8,1,0
BRDA:103,9,0,0
BRDA:103,9,1,0
BRDA:103,9,2,0
BRDA:108,10,0,0
BRDA:108,10,1,0
BRDA:108,11,0,0
BRDA:108,11,1,0
BRDA:109,12,0,0
BRDA:109,12,1,0
BRDA:110,13,0,0
BRDA:110,13,1,0
BRDA:125,14,0,0
BRDA:125,14,1,0
BRDA:136,15,0,0
BRDA:136,15,1,0
BRDA:183,16,0,0
BRDA:183,16,1,0
BRDA:204,17,0,0
BRDA:204,17,1,0
BRDA:208,18,0,0
BRDA:208,18,1,0
BRDA:221,19,0,0
BRDA:221,19,1,0
BRDA:223,20,0,0
BRDA:223,20,1,0
BRDA:234,21,0,0
BRDA:234,21,1,0
BRDA:250,22,0,0
BRDA:250,22,1,0
BRDA:273,23,0,0
BRDA:273,23,1,0
BRDA:316,24,0,0
BRDA:316,24,1,0
BRDA:337,25,0,0
BRDA:337,25,1,0
BRDA:349,26,0,0
BRDA:349,26,1,0
BRDA:351,27,0,0
BRDA:351,27,1,0
BRF:57
BRH:0
end_of_record
TN:
SF:src/renderer/src/components/TaskCard.tsx
FN:19,TaskCard
FN:32,(anonymous_1)
FN:33,(anonymous_2)
FN:34,(anonymous_3)
FN:35,(anonymous_4)
FN:35,(anonymous_5)
FN:41,(anonymous_6)
FN:43,(anonymous_7)
FN:43,(anonymous_8)
FN:44,(anonymous_9)
FN:54,(anonymous_10)
FN:64,(anonymous_11)
FN:112,(anonymous_12)
FN:122,(anonymous_13)
FN:132,(anonymous_14)
FN:157,(anonymous_15)
FNF:16
FNH:0
FNDA:0,TaskCard
FNDA:0,(anonymous_1)
FNDA:0,(anonymous_2)
FNDA:0,(anonymous_3)
FNDA:0,(anonymous_4)
FNDA:0,(anonymous_5)
FNDA:0,(anonymous_6)
FNDA:0,(anonymous_7)
FNDA:0,(anonymous_8)
FNDA:0,(anonymous_9)
FNDA:0,(anonymous_10)
FNDA:0,(anonymous_11)
FNDA:0,(anonymous_12)
FNDA:0,(anonymous_13)
FNDA:0,(anonymous_14)
FNDA:0,(anonymous_15)
DA:20,0
DA:26,0
DA:32,0
DA:33,0
DA:34,0
DA:35,0
DA:37,0
DA:38,0
DA:41,0
DA:42,0
DA:43,0
DA:44,0
DA:47,0
DA:48,0
DA:49,0
DA:51,0
DA:52,0
DA:54,0
DA:55,0
DA:56,0
DA:57,0
DA:60,0
DA:64,0
DA:112,0
DA:122,0
DA:132,0
DA:158,0
LF:27
LH:0
BRDA:19,0,0,0
BRDA:29,1,0,0
BRDA:29,1,1,0
BRDA:42,2,0,0
BRDA:42,2,1,0
BRDA:47,3,0,0
BRDA:47,3,1,0
BRDA:48,4,0,0
BRDA:48,4,1,0
BRDA:52,5,0,0
BRDA:52,5,1,0
BRDA:56,6,0,0
BRDA:56,6,1,0
BRDA:62,7,0,0
BRDA:62,7,1,0
BRDA:63,8,0,0
BRDA:63,8,1,0
BRDA:64,9,0,0
BRDA:64,9,1,0
BRDA:65,10,0,0
BRDA:65,10,1,0
BRDA:70,11,0,0
BRDA:70,11,1,0
BRDA:84,12,0,0
BRDA:84,12,1,0
BRDA:87,13,0,0
BRDA:87,13,1,0
BRDA:91,14,0,0
BRDA:91,14,1,0
BRDA:95,15,0,0
BRDA:95,15,1,0
BRDA:97,16,0,0
BRDA:97,16,1,0
BRDA:110,17,0,0
BRDA:110,17,1,0
BRDA:150,18,0,0
BRDA:150,18,1,0
BRDA:155,19,0,0
BRDA:155,19,1,0
BRDA:162,20,0,0
BRDA:162,20,1,0
BRDA:176,21,0,0
BRDA:176,21,1,0
BRDA:187,22,0,0
BRDA:187,22,1,0
BRDA:189,23,0,0
BRDA:189,23,1,0
BRDA:192,24,0,0
BRDA:192,24,1,0
BRDA:198,25,0,0
BRDA:198,25,1,0
BRDA:198,25,2,0
BRDA:207,26,0,0
BRDA:207,26,1,0
BRDA:208,27,0,0
BRDA:208,27,1,0
BRF:56
BRH:0
end_of_record
TN:
SF:src/renderer/src/components/TaskModal.tsx
FN:26,TaskModal
FN:38,(anonymous_1)
FN:40,(anonymous_2)
FN:56,(anonymous_3)
FN:62,(anonymous_4)
FN:75,(anonymous_5)
FN:75,(anonymous_6)
FN:77,(anonymous_7)
FN:78,(anonymous_8)
FN:78,(anonymous_9)
FN:81,(anonymous_10)
FN:83,(anonymous_11)
FN:85,(anonymous_12)
FN:86,(anonymous_13)
FN:102,(anonymous_14)
FN:102,(anonymous_15)
FN:102,(anonymous_16)
FN:130,(anonymous_17)
FN:142,(anonymous_18)
FN:155,(anonymous_19)
FN:158,(anonymous_20)
FN:168,(anonymous_21)
FN:171,(anonymous_22)
FN:184,(anonymous_23)
FN:195,(anonymous_24)
FN:199,(anonymous_25)
FN:199,(anonymous_26)
FN:202,(anonymous_27)
FN:202,(anonymous_28)
FN:215,(anonymous_29)
FN:223,(anonymous_30)
FN:233,(anonymous_31)
FN:242,(anonymous_32)
FN:247,(anonymous_33)
FN:251,(anonymous_34)
FN:283,(anonymous_35)
FN:292,(anonymous_36)
FN:304,(anonymous_37)
FNF:38
FNH:0
FNDA:0,TaskModal
FNDA:0,(anonymous_1)
FNDA:0,(anonymous_2)
FNDA:0,(anonymous_3)
FNDA:0,(anonymous_4)
FNDA:0,(anonymous_5)
FNDA:0,(anonymous_6)
FNDA:0,(anonymous_7)
FNDA:0,(anonymous_8)
FNDA:0,(anonymous_9)
FNDA:0,(anonymous_10)
FNDA:0,(anonymous_11)
FNDA:0,(anonymous_12)
FNDA:0,(anonymous_13)
FNDA:0,(anonymous_14)
FNDA:0,(anonymous_15)
FNDA:0,(anonymous_16)
FNDA:0,(anonymous_17)
FNDA:0,(anonymous_18)
FNDA:0,(anonymous_19)
FNDA:0,(anonymous_20)
FNDA:0,(anonymous_21)
FNDA:0,(anonymous_22)
FNDA:0,(anonymous_23)
FNDA:0,(anonymous_24)
FNDA:0,(anonymous_25)
FNDA:0,(anonymous_26)
FNDA:0,(anonymous_27)
FNDA:0,(anonymous_28)
FNDA:0,(anonymous_29)
FNDA:0,(anonymous_30)
FNDA:0,(anonymous_31)
FNDA:0,(anonymous_32)
FNDA:0,(anonymous_33)
FNDA:0,(anonymous_34)
FNDA:0,(anonymous_35)
FNDA:0,(anonymous_36)
FNDA:0,(anonymous_37)
DA:27,0
DA:28,0
DA:29,0
DA:30,0
DA:31,0
DA:32,0
DA:33,0
DA:34,0
DA:35,0
DA:36,0
DA:38,0
DA:40,0
DA:41,0
DA:42,0
DA:43,0
DA:44,0
DA:45,0
DA:46,0
DA:47,0
DA:48,0
DA:49,0
DA:50,0
DA:54,0
DA:56,0
DA:57,0
DA:58,0
DA:59,0
DA:62,0
DA:63,0
DA:64,0
DA:65,0
DA:66,0
DA:67,0
DA:69,0
DA:70,0
DA:71,0
DA:75,0
DA:77,0
DA:78,0
DA:81,0
DA:82,0
DA:83,0
DA:84,0
DA:85,0
DA:86,0
DA:97,0
DA:99,0
DA:102,0
DA:104,0
DA:130,0
DA:142,0
DA:155,0
DA:159,0
DA:168,0
DA:172,0
DA:184,0
DA:195,0
DA:199,0
DA:200,0
DA:202,0
DA:203,0
DA:216,0
DA:223,0
DA:233,0
DA:243,0
DA:248,0
DA:251,0
DA:284,0
DA:292,0
DA:304,0
LF:70
LH:0
BRDA:41,0,0,0
BRDA:41,0,1,0
BRDA:42,1,0,0
BRDA:42,1,1,0
BRDA:42,1,2,0
BRDA:43,2,0,0
BRDA:43,2,1,0
BRDA:44,3,0,0
BRDA:44,3,1,0
BRDA:45,4,0,0
BRDA:45,4,1,0
BRDA:46,5,0,0
BRDA:46,5,1,0
BRDA:48,6,0,0
BRDA:48,6,1,0
BRDA:48,6,2,0
BRDA:48,6,3,0
BRDA:49,7,0,0
BRDA:49,7,1,0
BRDA:49,8,0,0
BRDA:49,8,1,0
BRDA:49,9,0,0
BRDA:49,9,1,0
BRDA:50,10,0,0
BRDA:50,10,1,0
BRDA:54,11,0,0
BRDA:54,11,1,0
BRDA:58,12,0,0
BRDA:58,12,1,0
BRDA:63,13,0,0
BRDA:63,13,1,0
BRDA:63,14,0,0
BRDA:63,14,1,0
BRDA:63,14,2,0
BRDA:66,15,0,0
BRDA:66,15,1,0
BRDA:66,16,0,0
BRDA:66,16,1,0
BRDA:70,17,0,0
BRDA:70,17,1,0
BRDA:70,18,0,0
BRDA:70,18,1,0
BRDA:70,18,2,0
BRDA:78,19,0,0
BRDA:78,19,1,0
BRDA:82,20,0,0
BRDA:82,20,1,0
BRDA:110,21,0,0
BRDA:110,21,1,0
BRDA:190,22,0,0
BRDA:190,22,1,0
BRDA:235,23,0,0
BRDA:235,23,1,0
BRDA:253,24,0,0
BRDA:253,24,1,0
BRDA:270,25,0,0
BRDA:270,25,1,0
BRDA:281,26,0,0
BRDA:281,26,1,0
BRDA:328,27,0,0
BRDA:328,27,1,0
BRF:61
BRH:0
end_of_record
TN:
SF:src/renderer/src/components/TaskViewModal.tsx
FN:17,TaskViewModal
FN:22,(anonymous_1)
FN:23,(anonymous_2)
FN:24,(anonymous_3)
FN:28,(anonymous_4)
FN:30,(anonymous_5)
FN:30,(anonymous_6)
FN:31,(anonymous_7)
FN:34,(anonymous_8)
FN:36,(anonymous_9)
FN:43,(anonymous_10)
FN:50,(anonymous_11)
FN:56,(anonymous_12)
FN:73,(anonymous_13)
FN:76,(anonymous_14)
FN:124,(anonymous_15)
FN:197,(anonymous_16)
FN:228,(anonymous_17)
FN:244,(anonymous_18)
FN:248,(anonymous_19)
FN:286,(anonymous_20)
FN:290,(anonymous_21)
FN:301,(anonymous_22)
FNF:23
FNH:0
FNDA:0,TaskViewModal
FNDA:0,(anonymous_1)
FNDA:0,(anonymous_2)
FNDA:0,(anonymous_3)
FNDA:0,(anonymous_4)
FNDA:0,(anonymous_5)
FNDA:0,(anonymous_6)
FNDA:0,(anonymous_7)
FNDA:0,(anonymous_8)
FNDA:0,(anonymous_9)
FNDA:0,(anonymous_10)
FNDA:0,(anonymous_11)
FNDA:0,(anonymous_12)
FNDA:0,(anonymous_13)
FNDA:0,(anonymous_14)
FNDA:0,(anonymous_15)
FNDA:0,(anonymous_16)
FNDA:0,(anonymous_17)
FNDA:0,(anonymous_18)
FNDA:0,(anonymous_19)
FNDA:0,(anonymous_20)
FNDA:0,(anonymous_21)
FNDA:0,(anonymous_22)
DA:18,0
DA:19,0
DA:20,0
DA:22,0
DA:23,0
DA:24,0
DA:26,0
DA:28,0
DA:29,0
DA:30,0
DA:31,0
DA:34,0
DA:35,0
DA:36,0
DA:37,0
DA:38,0
DA:39,0
DA:42,0
DA:43,0
DA:46,0
DA:48,0
DA:49,0
DA:50,0
DA:51,0
DA:53,0
DA:54,0
DA:56,0
DA:57,0
DA:58,0
DA:59,0
DA:60,0
DA:61,0
DA:63,0
DA:64,0
DA:65,0
DA:66,0
DA:67,0
DA:68,0
DA:69,0
DA:70,0
DA:73,0
DA:74,0
DA:75,0
DA:76,0
DA:79,0
DA:124,0
DA:197,0
DA:229,0
DA:245,0
DA:248,0
DA:286,0
DA:290,0
DA:301,0
LF:53
LH:0
BRDA:26,0,0,0
BRDA:26,0,1,0
BRDA:29,1,0,0
BRDA:29,1,1,0
BRDA:35,2,0,0
BRDA:35,2,1,0
BRDA:37,3,0,0
BRDA:37,3,1,0
BRDA:38,4,0,0
BRDA:38,4,1,0
BRDA:46,5,0,0
BRDA:46,5,1,0
BRDA:46,6,0,0
BRDA:46,6,1,0
BRDA:49,7,0,0
BRDA:49,7,1,0
BRDA:50,8,0,0
BRDA:50,8,1,0
BRDA:51,9,0,0
BRDA:51,9,1,0
BRDA:53,10,0,0
BRDA:53,10,1,0
BRDA:54,11,0,0
BRDA:54,11,1,0
BRDA:59,12,0,0
BRDA:59,12,1,0
BRDA:66,13,0,0
BRDA:66,13,1,0
BRDA:67,14,0,0
BRDA:67,14,1,0
BRDA:69,15,0,0
BRDA:69,15,1,0
BRDA:90,16,0,0
BRDA:90,16,1,0
BRDA:100,17,0,0
BRDA:100,17,1,0
BRDA:106,18,0,0
BRDA:106,18,1,0
BRDA:149,19,0,0
BRDA:149,19,1,0
BRDA:158,20,0,0
BRDA:158,20,1,0
BRDA:159,21,0,0
BRDA:159,21,1,0
BRDA:161,22,0,0
BRDA:161,22,1,0
BRDA:178,23,0,0
BRDA:178,23,1,0
BRDA:179,24,0,0
BRDA:179,24,1,0
BRDA:185,25,0,0
BRDA:185,25,1,0
BRDA:186,26,0,0
BRDA:186,26,1,0
BRDA:188,27,0,0
BRDA:188,27,1,0
BRDA:197,28,0,0
BRDA:197,28,1,0
BRDA:199,29,0,0
BRDA:199,29,1,0
BRDA:204,30,0,0
BRDA:204,30,1,0
BRDA:224,31,0,0
BRDA:224,31,1,0
BRDA:238,32,0,0
BRDA:238,32,1,0
BRDA:283,33,0,0
BRDA:283,33,1,0
BRF:68
BRH:0
end_of_record
TN:
SF:src/renderer/src/components/TitleBar.tsx
FN:5,TitleBar
FN:8,(anonymous_1)
FN:14,(anonymous_2)
FN:15,(anonymous_3)
FN:16,(anonymous_4)
FNF:5
FNH:0
FNDA:0,TitleBar
FNDA:0,(anonymous_1)
FNDA:0,(anonymous_2)
FNDA:0,(anonymous_3)
FNDA:0,(anonymous_4)
DA:3,0
DA:6,0
DA:8,0
DA:9,0
DA:10,0
DA:11,0
DA:14,0
DA:15,0
DA:16,0
DA:18,0
LF:10
LH:0
BRDA:24,0,0,0
BRDA:24,0,1,0
BRDA:46,1,0,0
BRDA:46,1,1,0
BRDA:49,2,0,0
BRDA:49,2,1,0
BRDA:68,3,0,0
BRDA:68,3,1,0
BRDA:85,4,0,0
BRDA:85,4,1,0
BRDA:87,5,0,0
BRDA:87,5,1,0
BRF:12
BRH:0
end_of_record
TN:
SF:src/renderer/src/components/Toast.tsx
FN:14,ToastContainer
FN:17,(anonymous_1)
FN:24,ToastItem
FN:27,(anonymous_3)
FN:28,(anonymous_4)
FN:29,(anonymous_5)
FN:31,(anonymous_6)
FN:33,(anonymous_7)
FNF:8
FNH:0
FNDA:0,ToastContainer
FNDA:0,(anonymous_1)
FNDA:0,ToastItem
FNDA:0,(anonymous_3)
FNDA:0,(anonymous_4)
FNDA:0,(anonymous_5)
FNDA:0,(anonymous_6)
FNDA:0,(anonymous_7)
DA:15,0
DA:18,0
DA:25,0
DA:27,0
DA:28,0
DA:29,0
DA:30,0
DA:31,0
DA:33,0
DA:36,0
DA:42,0
LF:11
LH:0
BRDA:44,0,0,0
BRDA:44,0,1,0
BRF:2
BRH:0
end_of_record
TN:
SF:src/renderer/src/components/UpcomingView.tsx
FN:23,getGroup
FN:35,isDone
FN:36,(anonymous_2)
FN:37,(anonymous_3)
FN:40,formatDate
FN:45,UpcomingView
FN:46,(anonymous_6)
FN:46,(anonymous_7)
FN:48,(anonymous_8)
FN:57,(anonymous_9)
FN:87,(anonymous_10)
FN:102,(anonymous_11)
FN:103,(anonymous_12)
FN:105,(anonymous_13)
FN:110,(anonymous_14)
FNF:15
FNH:0
FNDA:0,getGroup
FNDA:0,isDone
FNDA:0,(anonymous_2)
FNDA:0,(anonymous_3)
FNDA:0,formatDate
FNDA:0,UpcomingView
FNDA:0,(anonymous_6)
FNDA:0,(anonymous_7)
FNDA:0,(anonymous_8)
FNDA:0,(anonymous_9)
FNDA:0,(anonymous_10)
FNDA:0,(anonymous_11)
FNDA:0,(anonymous_12)
FNDA:0,(anonymous_13)
FNDA:0,(anonymous_14)
DA:13,0
DA:21,0
DA:24,0
DA:25,0
DA:26,0
DA:27,0
DA:28,0
DA:29,0
DA:30,0
DA:31,0
DA:32,0
DA:36,0
DA:37,0
DA:41,0
DA:42,0
DA:46,0
DA:48,0
DA:49,0
DA:50,0
DA:51,0
DA:52,0
DA:54,0
DA:57,0
DA:59,0
DA:88,0
DA:89,0
DA:90,0
DA:91,0
DA:102,0
DA:104,0
DA:105,0
DA:106,0
DA:107,0
DA:110,0
LF:34
LH:0
BRDA:28,0,0,0
BRDA:28,0,1,0
BRDA:29,1,0,0
BRDA:29,1,1,0
BRDA:30,2,0,0
BRDA:30,2,1,0
BRDA:31,3,0,0
BRDA:31,3,1,0
BRDA:51,4,0,0
BRDA:51,4,1,0
BRDA:51,5,0,0
BRDA:51,5,1,0
BRDA:69,6,0,0
BRDA:69,6,1,0
BRDA:73,7,0,0
BRDA:73,7,1,0
BRDA:89,8,0,0
BRDA:89,8,1,0
BRDA:102,9,0,0
BRDA:102,9,1,0
BRDA:102,10,0,0
BRDA:102,10,1,0
BRDA:113,11,0,0
BRDA:113,11,1,0
BRDA:123,12,0,0
BRDA:123,12,1,0
BRDA:129,13,0,0
BRDA:129,13,1,0
BRF:28
BRH:0
end_of_record
TN:
SF:src/renderer/src/components/Versions.tsx
FN:3,Versions
FNF:1
FNH:0
FNDA:0,Versions
DA:4,0
DA:6,0
LF:2
LH:0
BRF:0
BRH:0
end_of_record
TN:
SF:src/renderer/src/services/ElectronStorage.ts
FN:5,load
FN:19,save
FN:23,exportBackup
FN:27,importBackup
FN:37,importAIJson
FNF:5
FNH:0
FNDA:0,load
FNDA:0,save
FNDA:0,exportBackup
FNDA:0,importBackup
FNDA:0,importAIJson
DA:6,0
DA:7,0
DA:20,0
DA:24,0
DA:33,0
DA:34,0
DA:43,0
DA:44,0
LF:8
LH:0
BRDA:8,0,0,0
BRDA:8,0,1,0
BRDA:9,1,0,0
BRDA:9,1,1,0
BRDA:10,2,0,0
BRDA:10,2,1,0
BRDA:11,3,0,0
BRDA:11,3,1,0
BRDA:12,4,0,0
BRDA:12,4,1,0
BRDA:13,5,0,0
BRDA:13,5,1,0
BRDA:14,6,0,0
BRDA:14,6,1,0
BRDA:15,7,0,0
BRDA:15,7,1,0
BRF:16
BRH:0
end_of_record
TN:
SF:src/renderer/src/services/StorageAdapter.ts
FNF:0
FNH:0
LF:0
LH:0
BRF:0
BRH:0
end_of_record
TN:
SF:src/renderer/src/services/WebStorage.ts
FN:8,load
FN:28,save
FN:32,exportBackup
FN:43,importBackup
FN:49,(anonymous_4)
FN:53,(anonymous_5)
FN:63,(anonymous_6)
FN:68,importAIJson
FN:74,(anonymous_8)
FN:78,(anonymous_9)
FN:88,(anonymous_10)
FNF:11
FNH:3
FNDA:6,load
FNDA:3,save
FNDA:1,exportBackup
FNDA:0,importBackup
FNDA:0,(anonymous_4)
FNDA:0,(anonymous_5)
FNDA:0,(anonymous_6)
FNDA:0,importAIJson
FNDA:0,(anonymous_8)
FNDA:0,(anonymous_9)
FNDA:0,(anonymous_10)
DA:4,1
DA:9,6
DA:10,6
DA:11,6
DA:12,5
DA:13,5
DA:24,1
DA:29,3
DA:33,1
DA:34,1
DA:35,1
DA:36,1
DA:37,1
DA:38,1
DA:39,1
DA:40,1
DA:49,0
DA:50,0
DA:51,0
DA:52,0
DA:53,0
DA:54,0
DA:55,0
DA:56,0
DA:57,0
DA:58,0
DA:60,0
DA:63,0
DA:64,0
DA:74,0
DA:75,0
DA:76,0
DA:77,0
DA:78,0
DA:79,0
DA:80,0
DA:81,0
DA:82,0
DA:83,0
DA:85,0
DA:88,0
DA:89,0
LF:42
LH:16
BRDA:11,0,0,1
BRDA:11,0,1,5
BRDA:14,1,0,5
BRDA:14,1,1,0
BRDA:15,2,0,6
BRDA:15,2,1,1
BRDA:16,3,0,6
BRDA:16,3,1,1
BRDA:17,4,0,6
BRDA:17,4,1,1
BRDA:18,5,0,6
BRDA:18,5,1,1
BRDA:19,6,0,6
BRDA:19,6,1,1
BRDA:20,7,0,6
BRDA:20,7,1,1
BRDA:21,8,0,6
BRDA:21,8,1,1
BRDA:55,9,0,0
BRDA:55,9,1,0
BRDA:80,10,0,0
BRDA:80,10,1,0
BRF:22
BRH:17
end_of_record
TN:
SF:src/renderer/src/store/kanban.ts
FN:102,mergeTombstones
FN:111,isDeleted
FN:116,mergeEntities
FN:134,mergeSprints
FN:135,(anonymous_4)
FN:137,(anonymous_5)
FN:141,mergeHabits
FN:162,(anonymous_7)
FN:176,(anonymous_8)
FN:181,(anonymous_9)
FN:192,(anonymous_10)
FN:198,(anonymous_11)
FN:199,(anonymous_12)
FN:201,(anonymous_13)
FN:204,(anonymous_14)
FN:208,(anonymous_15)
FN:213,(anonymous_16)
FN:214,(anonymous_17)
FN:215,(anonymous_18)
FN:222,(anonymous_19)
FN:224,(anonymous_20)
FN:225,(anonymous_21)
FN:225,(anonymous_22)
FN:228,(anonymous_23)
FN:230,(anonymous_24)
FN:232,(anonymous_25)
FN:239,(anonymous_26)
FN:240,(anonymous_27)
FN:241,(anonymous_28)
FN:250,(anonymous_29)
FN:251,(anonymous_30)
FN:252,(anonymous_31)
FN:256,(anonymous_32)
FN:264,(anonymous_33)
FN:267,(anonymous_34)
FN:268,(anonymous_35)
FN:269,(anonymous_36)
FN:270,(anonymous_37)
FN:272,(anonymous_38)
FN:274,(anonymous_39)
FN:277,(anonymous_40)
FN:283,(anonymous_41)
FN:284,(anonymous_42)
FN:285,(anonymous_43)
FN:287,(anonymous_44)
FN:290,(anonymous_45)
FN:298,(anonymous_46)
FN:300,(anonymous_47)
FN:316,(anonymous_48)
FN:321,(anonymous_49)
FN:322,(anonymous_50)
FN:323,(anonymous_51)
FN:330,(anonymous_52)
FN:332,(anonymous_53)
FN:333,(anonymous_54)
FN:339,(anonymous_55)
FN:340,(anonymous_56)
FN:341,(anonymous_57)
FN:343,(anonymous_58)
FN:345,(anonymous_59)
FN:346,(anonymous_60)
FN:349,(anonymous_61)
FN:351,(anonymous_62)
FN:358,(anonymous_63)
FN:361,(anonymous_64)
FN:366,(anonymous_65)
FN:369,(anonymous_66)
FN:371,(anonymous_67)
FN:372,(anonymous_68)
FN:376,(anonymous_69)
FN:377,(anonymous_70)
FN:378,(anonymous_71)
FN:385,(anonymous_72)
FN:387,(anonymous_73)
FN:388,(anonymous_74)
FN:389,(anonymous_75)
FN:396,(anonymous_76)
FN:397,(anonymous_77)
FN:398,(anonymous_78)
FN:405,(anonymous_79)
FN:407,(anonymous_80)
FN:408,(anonymous_81)
FN:417,(anonymous_82)
FN:426,(anonymous_83)
FN:434,(anonymous_84)
FN:450,(anonymous_85)
FN:455,(anonymous_86)
FN:456,(anonymous_87)
FN:457,(anonymous_88)
FN:464,(anonymous_89)
FN:466,(anonymous_90)
FN:468,(anonymous_91)
FN:469,(anonymous_92)
FN:471,(anonymous_93)
FN:478,(anonymous_94)
FN:480,(anonymous_95)
FN:481,(anonymous_96)
FN:491,(anonymous_97)
FN:492,(anonymous_98)
FN:493,(anonymous_99)
FN:497,(anonymous_100)
FN:503,(anonymous_101)
FN:517,(anonymous_102)
FN:522,(anonymous_103)
FN:523,(anonymous_104)
FN:524,(anonymous_105)
FN:531,(anonymous_106)
FN:532,(anonymous_107)
FN:532,(anonymous_108)
FN:536,(anonymous_109)
FN:537,(anonymous_110)
FN:538,(anonymous_111)
FN:547,(anonymous_112)
FN:551,(anonymous_113)
FN:556,(anonymous_114)
FN:557,(anonymous_115)
FN:557,(anonymous_116)
FN:561,(anonymous_117)
FN:562,(anonymous_118)
FN:563,(anonymous_119)
FN:566,(anonymous_120)
FN:574,(anonymous_121)
FN:577,(anonymous_122)
FN:582,(anonymous_123)
FN:583,(anonymous_124)
FN:584,(anonymous_125)
FN:591,(anonymous_126)
FN:592,(anonymous_127)
FN:593,(anonymous_128)
FN:600,(anonymous_129)
FN:601,(anonymous_130)
FN:601,(anonymous_131)
FN:605,(anonymous_132)
FN:609,(anonymous_133)
FN:610,(anonymous_134)
FN:618,(anonymous_135)
FN:620,(anonymous_136)
FN:621,(anonymous_137)
FN:623,(anonymous_138)
FN:630,(anonymous_139)
FN:632,(anonymous_140)
FN:633,(anonymous_141)
FN:635,(anonymous_142)
FN:642,(anonymous_143)
FN:644,(anonymous_144)
FN:645,(anonymous_145)
FN:647,(anonymous_146)
FN:654,(anonymous_147)
FN:672,(anonymous_148)
FN:684,(anonymous_149)
FN:693,(anonymous_150)
FN:695,(anonymous_151)
FN:704,(anonymous_152)
FN:712,(anonymous_153)
FN:717,(anonymous_154)
FN:722,(anonymous_155)
FN:724,(anonymous_156)
FN:726,(anonymous_157)
FN:732,(anonymous_158)
FN:751,(anonymous_159)
FNF:160
FNH:151
FNDA:3,mergeTombstones
FNDA:4,isDeleted
FNDA:18,mergeEntities
FNDA:3,mergeSprints
FNDA:0,(anonymous_4)
FNDA:0,(anonymous_5)
FNDA:3,mergeHabits
FNDA:2,(anonymous_7)
FNDA:160,(anonymous_8)
FNDA:0,(anonymous_9)
FNDA:0,(anonymous_10)
FNDA:1,(anonymous_11)
FNDA:1,(anonymous_12)
FNDA:39,(anonymous_13)
FNDA:156,(anonymous_14)
FNDA:39,(anonymous_15)
FNDA:1,(anonymous_16)
FNDA:1,(anonymous_17)
FNDA:1,(anonymous_18)
FNDA:2,(anonymous_19)
FNDA:3,(anonymous_20)
FNDA:1,(anonymous_21)
FNDA:1,(anonymous_22)
FNDA:1,(anonymous_23)
FNDA:2,(anonymous_24)
FNDA:1,(anonymous_25)
FNDA:1,(anonymous_26)
FNDA:1,(anonymous_27)
FNDA:1,(anonymous_28)
FNDA:1,(anonymous_29)
FNDA:1,(anonymous_30)
FNDA:1,(anonymous_31)
FNDA:4,(anonymous_32)
FNDA:1,(anonymous_33)
FNDA:1,(anonymous_34)
FNDA:1,(anonymous_35)
FNDA:1,(anonymous_36)
FNDA:1,(anonymous_37)
FNDA:4,(anonymous_38)
FNDA:1,(anonymous_39)
FNDA:1,(anonymous_40)
FNDA:1,(anonymous_41)
FNDA:1,(anonymous_42)
FNDA:1,(anonymous_43)
FNDA:4,(anonymous_44)
FNDA:4,(anonymous_45)
FNDA:22,(anonymous_46)
FNDA:8,(anonymous_47)
FNDA:22,(anonymous_48)
FNDA:1,(anonymous_49)
FNDA:1,(anonymous_50)
FNDA:1,(anonymous_51)
FNDA:1,(anonymous_52)
FNDA:1,(anonymous_53)
FNDA:1,(anonymous_54)
FNDA:6,(anonymous_55)
FNDA:6,(anonymous_56)
FNDA:11,(anonymous_57)
FNDA:13,(anonymous_58)
FNDA:8,(anonymous_59)
FNDA:1,(anonymous_60)
FNDA:7,(anonymous_61)
FNDA:8,(anonymous_62)
FNDA:5,(anonymous_63)
FNDA:5,(anonymous_64)
FNDA:2,(anonymous_65)
FNDA:9,(anonymous_66)
FNDA:6,(anonymous_67)
FNDA:2,(anonymous_68)
FNDA:2,(anonymous_69)
FNDA:2,(anonymous_70)
FNDA:2,(anonymous_71)
FNDA:2,(anonymous_72)
FNDA:2,(anonymous_73)
FNDA:2,(anonymous_74)
FNDA:1,(anonymous_75)
FNDA:1,(anonymous_76)
FNDA:1,(anonymous_77)
FNDA:1,(anonymous_78)
FNDA:6,(anonymous_79)
FNDA:3,(anonymous_80)
FNDA:4,(anonymous_81)
FNDA:3,(anonymous_82)
FNDA:1,(anonymous_83)
FNDA:10,(anonymous_84)
FNDA:10,(anonymous_85)
FNDA:1,(anonymous_86)
FNDA:1,(anonymous_87)
FNDA:1,(anonymous_88)
FNDA:1,(anonymous_89)
FNDA:1,(anonymous_90)
FNDA:2,(anonymous_91)
FNDA:1,(anonymous_92)
FNDA:1,(anonymous_93)
FNDA:5,(anonymous_94)
FNDA:4,(anonymous_95)
FNDA:8,(anonymous_96)
FNDA:1,(anonymous_97)
FNDA:1,(anonymous_98)
FNDA:2,(anonymous_99)
FNDA:1,(anonymous_100)
FNDA:5,(anonymous_101)
FNDA:5,(anonymous_102)
FNDA:1,(anonymous_103)
FNDA:1,(anonymous_104)
FNDA:1,(anonymous_105)
FNDA:1,(anonymous_106)
FNDA:1,(anonymous_107)
FNDA:1,(anonymous_108)
FNDA:4,(anonymous_109)
FNDA:4,(anonymous_110)
FNDA:4,(anonymous_111)
FNDA:5,(anonymous_112)
FNDA:5,(anonymous_113)
FNDA:1,(anonymous_114)
FNDA:1,(anonymous_115)
FNDA:1,(anonymous_116)
FNDA:4,(anonymous_117)
FNDA:4,(anonymous_118)
FNDA:4,(anonymous_119)
FNDA:1,(anonymous_120)
FNDA:10,(anonymous_121)
FNDA:10,(anonymous_122)
FNDA:1,(anonymous_123)
FNDA:1,(anonymous_124)
FNDA:1,(anonymous_125)
FNDA:1,(anonymous_126)
FNDA:1,(anonymous_127)
FNDA:1,(anonymous_128)
FNDA:1,(anonymous_129)
FNDA:1,(anonymous_130)
FNDA:1,(anonymous_131)
FNDA:7,(anonymous_132)
FNDA:7,(anonymous_133)
FNDA:7,(anonymous_134)
FNDA:1,(anonymous_135)
FNDA:1,(anonymous_136)
FNDA:1,(anonymous_137)
FNDA:1,(anonymous_138)
FNDA:2,(anonymous_139)
FNDA:2,(anonymous_140)
FNDA:2,(anonymous_141)
FNDA:4,(anonymous_142)
FNDA:4,(anonymous_143)
FNDA:4,(anonymous_144)
FNDA:4,(anonymous_145)
FNDA:8,(anonymous_146)
FNDA:0,(anonymous_147)
FNDA:4,(anonymous_148)
FNDA:1,(anonymous_149)
FNDA:0,(anonymous_150)
FNDA:1,(anonymous_151)
FNDA:2,(anonymous_152)
FNDA:1,(anonymous_153)
FNDA:0,(anonymous_154)
FNDA:0,(anonymous_155)
FNDA:3,(anonymous_156)
FNDA:8,(anonymous_157)
FNDA:0,(anonymous_158)
FNDA:1,(anonymous_159)
DA:7,2
DA:103,3
DA:104,3
DA:105,1
DA:106,1
DA:108,3
DA:112,4
DA:113,4
DA:121,18
DA:122,18
DA:123,0
DA:125,18
DA:126,2
DA:127,1
DA:128,1
DA:130,18
DA:135,3
DA:136,3
DA:137,3
DA:142,3
DA:143,3
DA:144,1
DA:146,3
DA:147,1
DA:148,1
DA:149,1
DA:150,0
DA:152,1
DA:153,1
DA:154,1
DA:157,3
DA:162,2
DA:177,160
DA:178,160
DA:182,0
DA:183,0
DA:184,0
DA:192,0
DA:198,1
DA:199,1
DA:202,39
DA:203,39
DA:204,156
DA:207,39
DA:208,39
DA:209,39
DA:210,39
DA:214,1
DA:216,1
DA:219,1
DA:223,2
DA:224,3
DA:225,2
DA:226,2
DA:228,1
DA:230,2
DA:232,1
DA:236,2
DA:240,1
DA:242,1
DA:243,1
DA:244,1
DA:247,1
DA:251,1
DA:253,1
DA:254,1
DA:256,4
DA:261,1
DA:265,1
DA:266,1
DA:267,1
DA:268,1
DA:269,1
DA:271,1
DA:272,4
DA:274,1
DA:277,1
DA:280,1
DA:284,1
DA:286,1
DA:287,4
DA:288,1
DA:290,4
DA:295,1
DA:299,22
DA:300,22
DA:301,22
DA:316,22
DA:317,22
DA:318,22
DA:322,1
DA:324,1
DA:327,1
DA:331,1
DA:332,1
DA:333,1
DA:336,1
DA:340,6
DA:341,11
DA:342,6
DA:343,13
DA:344,5
DA:345,8
DA:346,1
DA:347,5
DA:348,5
DA:349,7
DA:350,5
DA:351,8
DA:353,5
DA:355,6
DA:359,5
DA:360,5
DA:361,5
DA:362,5
DA:363,5
DA:367,2
DA:368,2
DA:369,9
DA:371,6
DA:372,2
DA:373,2
DA:377,2
DA:379,2
DA:382,2
DA:386,2
DA:387,2
DA:388,2
DA:389,1
DA:393,2
DA:397,1
DA:399,1
DA:402,1
DA:406,6
DA:407,3
DA:409,4
DA:414,3
DA:418,3
DA:419,3
DA:420,1
DA:421,1
DA:423,3
DA:427,1
DA:428,1
DA:429,1
DA:430,1
DA:431,1
DA:435,10
DA:436,10
DA:437,10
DA:450,10
DA:451,10
DA:452,10
DA:456,1
DA:458,1
DA:461,1
DA:465,1
DA:466,1
DA:468,2
DA:470,1
DA:471,1
DA:475,1
DA:479,5
DA:480,4
DA:482,8
DA:483,4
DA:484,8
DA:485,3
DA:488,4
DA:492,1
DA:494,2
DA:495,1
DA:496,2
DA:497,1
DA:500,1
DA:504,5
DA:505,5
DA:506,5
DA:517,5
DA:518,5
DA:519,5
DA:523,1
DA:525,1
DA:528,1
DA:532,1
DA:533,1
DA:537,4
DA:539,4
DA:544,4
DA:548,5
DA:549,5
DA:550,5
DA:551,5
DA:552,5
DA:553,5
DA:557,1
DA:558,1
DA:562,4
DA:564,4
DA:565,4
DA:566,1
DA:568,4
DA:571,4
DA:575,10
DA:576,10
DA:577,10
DA:578,10
DA:579,10
DA:583,1
DA:585,1
DA:588,1
DA:592,1
DA:594,1
DA:597,1
DA:601,1
DA:602,1
DA:606,7
DA:607,7
DA:608,7
DA:609,7
DA:611,7
DA:614,7
DA:615,7
DA:619,1
DA:620,1
DA:622,1
DA:623,1
DA:627,1
DA:631,2
DA:632,2
DA:634,2
DA:635,4
DA:639,2
DA:643,4
DA:644,4
DA:646,4
DA:647,8
DA:651,4
DA:655,0
DA:656,0
DA:668,0
DA:669,0
DA:673,4
DA:674,4
DA:676,3
DA:677,3
DA:680,3
DA:684,4
DA:687,4
DA:688,4
DA:689,4
DA:690,4
DA:691,4
DA:692,4
DA:693,4
DA:695,4
DA:699,4
DA:700,4
DA:701,3
DA:705,2
DA:706,2
DA:708,2
DA:709,2
DA:711,1
DA:712,1
DA:713,1
DA:715,1
DA:716,1
DA:717,1
DA:718,0
DA:721,1
DA:722,1
DA:724,1
DA:726,8
DA:728,3
DA:729,3
DA:731,3
DA:732,0
DA:735,3
DA:751,1
DA:752,1
DA:753,1
LF:282
LH:270
BRDA:106,0,0,1
BRDA:106,0,1,0
BRDA:106,1,0,1
BRDA:106,1,1,0
BRDA:113,2,0,4
BRDA:113,2,1,1
BRDA:123,3,0,0
BRDA:123,3,1,0
BRDA:126,4,0,1
BRDA:126,4,1,1
BRDA:128,5,0,1
BRDA:128,5,1,0
BRDA:128,6,0,1
BRDA:128,6,1,0
BRDA:135,7,0,0
BRDA:135,7,1,0
BRDA:144,8,0,1
BRDA:144,8,1,0
BRDA:147,9,0,0
BRDA:147,9,1,1
BRDA:149,10,0,0
BRDA:149,10,1,1
BRDA:152,11,0,0
BRDA:152,11,1,1
BRDA:183,12,0,0
BRDA:183,12,1,0
BRDA:186,13,0,0
BRDA:186,13,1,0
BRDA:187,14,0,0
BRDA:187,14,1,0
BRDA:188,15,0,0
BRDA:188,15,1,0
BRDA:189,16,0,0
BRDA:189,16,1,0
BRDA:190,17,0,0
BRDA:190,17,1,0
BRDA:191,18,0,0
BRDA:191,18,1,0
BRDA:192,19,0,0
BRDA:192,19,1,0
BRDA:194,20,0,0
BRDA:194,20,1,0
BRDA:201,21,0,39
BRDA:216,22,0,1
BRDA:216,22,1,0
BRDA:234,23,0,2
BRDA:234,23,1,0
BRDA:234,24,0,2
BRDA:234,24,1,1
BRDA:242,25,0,0
BRDA:242,25,1,1
BRDA:253,26,0,0
BRDA:253,26,1,1
BRDA:256,27,0,1
BRDA:256,27,1,3
BRDA:267,28,0,1
BRDA:267,28,1,1
BRDA:271,29,0,0
BRDA:271,29,1,1
BRDA:274,30,0,1
BRDA:274,30,1,1
BRDA:286,31,0,0
BRDA:286,31,1,1
BRDA:307,32,0,22
BRDA:307,32,1,22
BRDA:309,33,0,22
BRDA:309,33,1,22
BRDA:311,34,0,22
BRDA:311,34,1,22
BRDA:324,35,0,1
BRDA:324,35,1,0
BRDA:342,36,0,1
BRDA:342,36,1,5
BRDA:345,37,0,8
BRDA:345,37,1,2
BRDA:351,38,0,8
BRDA:351,38,1,2
BRDA:379,39,0,2
BRDA:379,39,1,0
BRDA:389,40,0,1
BRDA:389,40,1,0
BRDA:391,41,0,1
BRDA:391,41,1,1
BRDA:399,42,0,1
BRDA:399,42,1,0
BRDA:399,43,0,1
BRDA:399,43,1,0
BRDA:406,44,0,3
BRDA:406,44,1,3
BRDA:409,45,0,3
BRDA:409,45,1,1
BRDA:410,46,0,3
BRDA:410,46,1,2
BRDA:419,47,0,1
BRDA:419,47,1,2
BRDA:428,48,0,0
BRDA:428,48,1,1
BRDA:434,49,0,10
BRDA:440,50,0,10
BRDA:440,50,1,9
BRDA:441,51,0,10
BRDA:441,51,1,9
BRDA:442,52,0,10
BRDA:442,52,1,9
BRDA:443,53,0,10
BRDA:443,53,1,9
BRDA:444,54,0,10
BRDA:444,54,1,10
BRDA:445,55,0,10
BRDA:445,55,1,10
BRDA:458,56,0,1
BRDA:458,56,1,0
BRDA:470,57,0,1
BRDA:470,57,1,0
BRDA:479,58,0,1
BRDA:479,58,1,4
BRDA:482,59,0,4
BRDA:482,59,1,4
BRDA:483,60,0,4
BRDA:483,60,1,0
BRDA:484,61,0,1
BRDA:484,61,1,7
BRDA:494,62,0,1
BRDA:494,62,1,1
BRDA:495,63,0,1
BRDA:495,63,1,0
BRDA:496,64,0,0
BRDA:496,64,1,2
BRDA:525,65,0,1
BRDA:525,65,1,0
BRDA:539,66,0,4
BRDA:539,66,1,0
BRDA:564,67,0,0
BRDA:564,67,1,4
BRDA:565,68,0,1
BRDA:565,68,1,3
BRDA:574,69,0,10
BRDA:585,70,0,1
BRDA:585,70,1,0
BRDA:594,71,0,1
BRDA:594,71,1,0
BRDA:611,72,0,7
BRDA:611,72,1,0
BRDA:622,73,0,1
BRDA:622,73,1,0
BRDA:623,74,0,1
BRDA:623,74,1,0
BRDA:634,75,0,2
BRDA:634,75,1,0
BRDA:646,76,0,4
BRDA:646,76,1,0
BRDA:647,77,0,4
BRDA:647,77,1,4
BRDA:674,78,0,1
BRDA:674,78,1,3
BRDA:674,79,0,4
BRDA:674,79,1,3
BRDA:674,79,2,3
BRDA:682,80,0,3
BRDA:682,80,1,1
BRDA:687,81,0,4
BRDA:687,81,1,0
BRDA:688,82,0,4
BRDA:688,82,1,0
BRDA:689,83,0,4
BRDA:689,83,1,2
BRDA:690,84,0,4
BRDA:690,84,1,2
BRDA:691,85,0,4
BRDA:691,85,1,2
BRDA:692,86,0,4
BRDA:692,86,1,1
BRDA:693,87,0,4
BRDA:693,87,1,2
BRDA:695,88,0,0
BRDA:695,88,1,3
BRDA:697,89,0,3
BRDA:697,89,1,2
BRDA:706,90,0,0
BRDA:706,90,1,2
BRDA:706,91,0,2
BRDA:706,91,1,2
BRDA:706,91,2,2
BRDA:709,92,0,1
BRDA:709,92,1,1
BRDA:709,93,0,2
BRDA:709,93,1,2
BRDA:713,94,0,0
BRDA:713,94,1,1
BRDA:718,95,0,0
BRDA:718,95,1,0
BRDA:726,96,0,3
BRDA:726,96,1,1
BRDA:726,97,0,8
BRDA:726,97,1,0
BRDA:728,98,0,3
BRDA:728,98,1,2
BRDA:731,99,0,0
BRDA:731,99,1,3
BRDA:741,100,0,3
BRDA:741,100,1,1
BRDA:743,101,0,3
BRDA:743,101,1,3
BRF:203
BRH:137
end_of_record
TN:
SF:src/renderer/src/types/index.ts
FNF:0
FNH:0
DA:69,2
DA:149,2
DA:158,2
DA:169,2
DA:176,2
DA:178,2
LF:6
LH:6
BRF:0
BRH:0
end_of_record
TN:
SF:src/renderer/src/utils/time.ts
FN:1,formatDuration
FNF:1
FNH:1
FNDA:15,formatDuration
DA:2,15
DA:3,13
DA:4,13
DA:5,13
DA:6,13
DA:7,6
DA:8,3
LF:7
LH:7
BRDA:2,0,0,2
BRDA:2,0,1,13
BRDA:6,1,0,7
BRDA:6,1,1,6
BRDA:6,2,0,4
BRDA:6,2,1,3
BRDA:7,3,0,3
BRDA:7,3,1,3
BRF:8
BRH:8
end_of_record
